  GUA_OM.cpp
F:\DG\project1\MeshQEM-Skeleton\OpenMesh_EX\OpenMesh_EX\Mesh\GUA_OM.cpp(78,31): warning C4996: 'OpenMesh::Iterators::GenericIteratorT<OpenMesh::PolyConnectivity::This,OpenMesh::ArrayKernel::FaceHandle,OpenMesh::ArrayKernel,{&OpenMesh::ArrayKernel::has_face_status,0},{&OpenMesh::ArrayKernel::[thunk]: __thiscall OpenMesh::ArrayKernel::`vcall'{16,{flat}}' }',0}>::operator OpenMesh::FaceHandle': Implicit casts of iterators are unsafe. Use dereferencing operators -> and * instead.
F:\DG\project1\MeshQEM-Skeleton\OpenMesh_EX\OpenMesh_EX\Mesh\GUA_OM.cpp(80,34): warning C4996: 'OpenMesh::Iterators::GenericCirculatorT_DEPRECATED<OpenMesh::PolyConnectivity::This,OpenMesh::ArrayKernel::FaceHandle,OpenMesh::ArrayKernel::VertexHandle,{&OpenMesh::Iterators::GenericCirculatorBaseT<OpenMesh::PolyConnectivity::This>::toVertexHandle,0}>::handle': This function clutters your code. Use dereferencing operators -> and * instead.
F:\DG\project1\MeshQEM-Skeleton\OpenMesh_EX\OpenMesh_EX\Mesh\GUA_OM.cpp(81,33): warning C4996: 'OpenMesh::Iterators::GenericCirculatorT_DEPRECATED<OpenMesh::PolyConnectivity::This,OpenMesh::ArrayKernel::FaceHandle,OpenMesh::ArrayKernel::VertexHandle,{&OpenMesh::Iterators::GenericCirculatorBaseT<OpenMesh::PolyConnectivity::This>::toVertexHandle,0}>::handle': This function clutters your code. Use dereferencing operators -> and * instead.
F:\DG\project1\MeshQEM-Skeleton\OpenMesh_EX\OpenMesh_EX\Mesh\GUA_OM.cpp(99,38): warning C4996: 'OpenMesh::Iterators::GenericIteratorT<OpenMesh::PolyConnectivity::This,OpenMesh::ArrayKernel::EdgeHandle,OpenMesh::ArrayKernel,{&OpenMesh::ArrayKernel::has_edge_status,0},{&OpenMesh::ArrayKernel::[thunk]: __thiscall OpenMesh::ArrayKernel::`vcall'{12,{flat}}' }',0}>::handle': This function clutters your code. Use dereferencing operators -> and * instead.
F:\DG\project1\MeshQEM-Skeleton\OpenMesh_EX\OpenMesh_EX\Mesh\GUA_OM.cpp(157,41): warning C4996: 'OpenMesh::Iterators::GenericCirculatorT_DEPRECATED<OpenMesh::PolyConnectivity::This,OpenMesh::ArrayKernel::FaceHandle,OpenMesh::ArrayKernel::VertexHandle,{&OpenMesh::Iterators::GenericCirculatorBaseT<OpenMesh::PolyConnectivity::This>::toVertexHandle,0}>::operator bool': Do not use this error prone implicit cast. Compare to end-iterator or use is_valid(), instead.
F:\DG\project1\MeshQEM-Skeleton\OpenMesh_EX\OpenMesh_EX\Mesh\GUA_OM.cpp(159,35): warning C4996: 'OpenMesh::Iterators::GenericCirculatorT_DEPRECATED<OpenMesh::PolyConnectivity::This,OpenMesh::ArrayKernel::FaceHandle,OpenMesh::ArrayKernel::VertexHandle,{&OpenMesh::Iterators::GenericCirculatorBaseT<OpenMesh::PolyConnectivity::This>::toVertexHandle,0}>::handle': This function clutters your code. Use dereferencing operators -> and * instead.
F:\DG\project1\MeshQEM-Skeleton\OpenMesh_EX\OpenMesh_EX\Mesh\GUA_OM.cpp(160,34): warning C4996: 'OpenMesh::Iterators::GenericCirculatorT_DEPRECATED<OpenMesh::PolyConnectivity::This,OpenMesh::ArrayKernel::FaceHandle,OpenMesh::ArrayKernel::VertexHandle,{&OpenMesh::Iterators::GenericCirculatorBaseT<OpenMesh::PolyConnectivity::This>::toVertexHandle,0}>::handle': This function clutters your code. Use dereferencing operators -> and * instead.
F:\DG\project1\MeshQEM-Skeleton\OpenMesh_EX\OpenMesh_EX\Mesh\GUA_OM.cpp(269,42): warning C4996: 'OpenMesh::Iterators::GenericCirculatorT_DEPRECATED<OpenMesh::PolyConnectivity::This,OpenMesh::ArrayKernel::VertexHandle,OpenMesh::ArrayKernel::VertexHandle,{&OpenMesh::Iterators::GenericCirculatorBaseT<OpenMesh::PolyConnectivity::This>::toVertexHandle,0}>::operator bool': Do not use this error prone implicit cast. Compare to end-iterator or use is_valid(), instead.
F:\DG\project1\MeshQEM-Skeleton\OpenMesh_EX\OpenMesh_EX\Mesh\GUA_OM.cpp(270,12): warning C4996: 'OpenMesh::Iterators::GenericCirculatorT_DEPRECATED<OpenMesh::PolyConnectivity::This,OpenMesh::ArrayKernel::VertexHandle,OpenMesh::ArrayKernel::VertexHandle,{&OpenMesh::Iterators::GenericCirculatorBaseT<OpenMesh::PolyConnectivity::This>::toVertexHandle,0}>::handle': This function clutters your code. Use dereferencing operators -> and * instead.
F:\DG\project1\MeshQEM-Skeleton\OpenMesh_EX\OpenMesh_EX\Mesh\GUA_OM.cpp(303,49): warning C4996: 'OpenMesh::Iterators::GenericCirculatorT_DEPRECATED<OpenMesh::PolyConnectivity::This,OpenMesh::ArrayKernel::FaceHandle,OpenMesh::ArrayKernel::FaceHandle,{&OpenMesh::Iterators::GenericCirculatorBaseT<OpenMesh::PolyConnectivity::This>::toOppositeFaceHandle,0}>::operator bool': Do not use this error prone implicit cast. Compare to end-iterator or use is_valid(), instead.
F:\DG\project1\MeshQEM-Skeleton\OpenMesh_EX\OpenMesh_EX\Mesh\GUA_OM.cpp(305,22): warning C4996: 'OpenMesh::Iterators::GenericCirculatorT_DEPRECATED<OpenMesh::PolyConnectivity::This,OpenMesh::ArrayKernel::FaceHandle,OpenMesh::ArrayKernel::FaceHandle,{&OpenMesh::Iterators::GenericCirculatorBaseT<OpenMesh::PolyConnectivity::This>::toOppositeFaceHandle,0}>::handle': This function clutters your code. Use dereferencing operators -> and * instead.
F:\DG\project1\MeshQEM-Skeleton\OpenMesh_EX\OpenMesh_EX\Mesh\GUA_OM.cpp(307,39): warning C4996: 'OpenMesh::Iterators::GenericCirculatorT_DEPRECATED<OpenMesh::PolyConnectivity::This,OpenMesh::ArrayKernel::FaceHandle,OpenMesh::ArrayKernel::FaceHandle,{&OpenMesh::Iterators::GenericCirculatorBaseT<OpenMesh::PolyConnectivity::This>::toOppositeFaceHandle,0}>::handle': This function clutters your code. Use dereferencing operators -> and * instead.
F:\DG\project1\MeshQEM-Skeleton\OpenMesh_EX\OpenMesh_EX\Mesh\GUA_OM.cpp(308,19): warning C4996: 'OpenMesh::Iterators::GenericCirculatorT_DEPRECATED<OpenMesh::PolyConnectivity::This,OpenMesh::ArrayKernel::FaceHandle,OpenMesh::ArrayKernel::FaceHandle,{&OpenMesh::Iterators::GenericCirculatorBaseT<OpenMesh::PolyConnectivity::This>::toOppositeFaceHandle,0}>::handle': This function clutters your code. Use dereferencing operators -> and * instead.
F:\DG\project1\MeshQEM-Skeleton\OpenMesh_EX\OpenMesh_EX\Mesh\GUA_OM.cpp(338,20): warning C4996: 'OpenMesh::Iterators::GenericCirculatorT_DEPRECATED<OpenMesh::PolyConnectivity::This,OpenMesh::ArrayKernel::FaceHandle,OpenMesh::ArrayKernel::VertexHandle,{&OpenMesh::Iterators::GenericCirculatorBaseT<OpenMesh::PolyConnectivity::This>::toVertexHandle,0}>::operator bool': Do not use this error prone implicit cast. Compare to end-iterator or use is_valid(), instead.
F:\DG\project1\MeshQEM-Skeleton\OpenMesh_EX\OpenMesh_EX\Mesh\GUA_OM.cpp(340,20): warning C4996: 'OpenMesh::Iterators::GenericCirculatorT_DEPRECATED<OpenMesh::PolyConnectivity::This,OpenMesh::ArrayKernel::FaceHandle,OpenMesh::ArrayKernel::VertexHandle,{&OpenMesh::Iterators::GenericCirculatorBaseT<OpenMesh::PolyConnectivity::This>::toVertexHandle,0}>::handle': This function clutters your code. Use dereferencing operators -> and * instead.
F:\DG\project1\MeshQEM-Skeleton\OpenMesh_EX\OpenMesh_EX\Mesh\GUA_OM.cpp(387,49): warning C4996: 'OpenMesh::Iterators::GenericCirculatorT_DEPRECATED<OpenMesh::PolyConnectivity::This,OpenMesh::ArrayKernel::FaceHandle,OpenMesh::ArrayKernel::FaceHandle,{&OpenMesh::Iterators::GenericCirculatorBaseT<OpenMesh::PolyConnectivity::This>::toOppositeFaceHandle,0}>::operator bool': Do not use this error prone implicit cast. Compare to end-iterator or use is_valid(), instead.
F:\DG\project1\MeshQEM-Skeleton\OpenMesh_EX\OpenMesh_EX\Mesh\GUA_OM.cpp(389,22): warning C4996: 'OpenMesh::Iterators::GenericCirculatorT_DEPRECATED<OpenMesh::PolyConnectivity::This,OpenMesh::ArrayKernel::FaceHandle,OpenMesh::ArrayKernel::FaceHandle,{&OpenMesh::Iterators::GenericCirculatorBaseT<OpenMesh::PolyConnectivity::This>::toOppositeFaceHandle,0}>::handle': This function clutters your code. Use dereferencing operators -> and * instead.
F:\DG\project1\MeshQEM-Skeleton\OpenMesh_EX\OpenMesh_EX\Mesh\GUA_OM.cpp(391,39): warning C4996: 'OpenMesh::Iterators::GenericCirculatorT_DEPRECATED<OpenMesh::PolyConnectivity::This,OpenMesh::ArrayKernel::FaceHandle,OpenMesh::ArrayKernel::FaceHandle,{&OpenMesh::Iterators::GenericCirculatorBaseT<OpenMesh::PolyConnectivity::This>::toOppositeFaceHandle,0}>::handle': This function clutters your code. Use dereferencing operators -> and * instead.
F:\DG\project1\MeshQEM-Skeleton\OpenMesh_EX\OpenMesh_EX\Mesh\GUA_OM.cpp(392,19): warning C4996: 'OpenMesh::Iterators::GenericCirculatorT_DEPRECATED<OpenMesh::PolyConnectivity::This,OpenMesh::ArrayKernel::FaceHandle,OpenMesh::ArrayKernel::FaceHandle,{&OpenMesh::Iterators::GenericCirculatorBaseT<OpenMesh::PolyConnectivity::This>::toOppositeFaceHandle,0}>::handle': This function clutters your code. Use dereferencing operators -> and * instead.
F:\DG\project1\MeshQEM-Skeleton\OpenMesh_EX\OpenMesh_EX\Mesh\GUA_OM.cpp(426,20): warning C4996: 'OpenMesh::Iterators::GenericCirculatorT_DEPRECATED<OpenMesh::PolyConnectivity::This,OpenMesh::ArrayKernel::FaceHandle,OpenMesh::ArrayKernel::VertexHandle,{&OpenMesh::Iterators::GenericCirculatorBaseT<OpenMesh::PolyConnectivity::This>::toVertexHandle,0}>::operator bool': Do not use this error prone implicit cast. Compare to end-iterator or use is_valid(), instead.
F:\DG\project1\MeshQEM-Skeleton\OpenMesh_EX\OpenMesh_EX\Mesh\GUA_OM.cpp(428,20): warning C4996: 'OpenMesh::Iterators::GenericCirculatorT_DEPRECATED<OpenMesh::PolyConnectivity::This,OpenMesh::ArrayKernel::FaceHandle,OpenMesh::ArrayKernel::VertexHandle,{&OpenMesh::Iterators::GenericCirculatorBaseT<OpenMesh::PolyConnectivity::This>::toVertexHandle,0}>::handle': This function clutters your code. Use dereferencing operators -> and * instead.
F:\DG\project1\MeshQEM-Skeleton\OpenMesh_EX\OpenMesh_EX\Mesh\GUA_OM.cpp(464,19): warning C4996: 'OpenMesh::Iterators::GenericIteratorT<OpenMesh::PolyConnectivity::This,OpenMesh::ArrayKernel::VertexHandle,OpenMesh::ArrayKernel,{&OpenMesh::ArrayKernel::has_vertex_status,0},{&OpenMesh::ArrayKernel::[thunk]: __thiscall OpenMesh::ArrayKernel::`vcall'{4,{flat}}' }',0}>::operator OpenMesh::VertexHandle': Implicit casts of iterators are unsafe. Use dereferencing operators -> and * instead.
F:\DG\project1\MeshQEM-Skeleton\OpenMesh_EX\OpenMesh_EX\Mesh\GUA_OM.cpp(465,17): warning C4996: 'OpenMesh::Iterators::GenericIteratorT<OpenMesh::PolyConnectivity::This,OpenMesh::ArrayKernel::VertexHandle,OpenMesh::ArrayKernel,{&OpenMesh::ArrayKernel::has_vertex_status,0},{&OpenMesh::ArrayKernel::[thunk]: __thiscall OpenMesh::ArrayKernel::`vcall'{4,{flat}}' }',0}>::handle': This function clutters your code. Use dereferencing operators -> and * instead.
F:\DG\project1\MeshQEM-Skeleton\OpenMesh_EX\OpenMesh_EX\Mesh\GUA_OM.cpp(480,34): warning C4305: '引數': 從 'double' 轉換為 'GLfloat'，是由較大的類型轉換為較小的類型，可能導致資料遺失
F:\DG\project1\MeshQEM-Skeleton\OpenMesh_EX\OpenMesh_EX\Mesh\GUA_OM.cpp(483,26): warning C4996: 'OpenMesh::Iterators::GenericIteratorT<OpenMesh::PolyConnectivity::This,OpenMesh::ArrayKernel::FaceHandle,OpenMesh::ArrayKernel,{&OpenMesh::ArrayKernel::has_face_status,0},{&OpenMesh::ArrayKernel::[thunk]: __thiscall OpenMesh::ArrayKernel::`vcall'{16,{flat}}' }',0}>::operator OpenMesh::FaceHandle': Implicit casts of iterators are unsafe. Use dereferencing operators -> and * instead.
F:\DG\project1\MeshQEM-Skeleton\OpenMesh_EX\OpenMesh_EX\Mesh\GUA_OM.cpp(485,29): warning C4996: 'OpenMesh::Iterators::GenericCirculatorT_DEPRECATED<OpenMesh::PolyConnectivity::This,OpenMesh::ArrayKernel::FaceHandle,OpenMesh::ArrayKernel::VertexHandle,{&OpenMesh::Iterators::GenericCirculatorBaseT<OpenMesh::PolyConnectivity::This>::toVertexHandle,0}>::handle': This function clutters your code. Use dereferencing operators -> and * instead.
F:\DG\project1\MeshQEM-Skeleton\OpenMesh_EX\OpenMesh_EX\Mesh\GUA_OM.cpp(486,28): warning C4996: 'OpenMesh::Iterators::GenericCirculatorT_DEPRECATED<OpenMesh::PolyConnectivity::This,OpenMesh::ArrayKernel::FaceHandle,OpenMesh::ArrayKernel::VertexHandle,{&OpenMesh::Iterators::GenericCirculatorBaseT<OpenMesh::PolyConnectivity::This>::toVertexHandle,0}>::handle': This function clutters your code. Use dereferencing operators -> and * instead.
F:\DG\project1\MeshQEM-Skeleton\OpenMesh_EX\OpenMesh_EX\Mesh\GUA_OM.cpp(510,32): warning C4305: '引數': 從 'double' 轉換為 'GLfloat'，是由較大的類型轉換為較小的類型，可能導致資料遺失
F:\DG\project1\MeshQEM-Skeleton\OpenMesh_EX\OpenMesh_EX\Mesh\GUA_OM.cpp(513,25): warning C4996: 'OpenMesh::Iterators::GenericIteratorT<OpenMesh::PolyConnectivity::This,OpenMesh::ArrayKernel::FaceHandle,OpenMesh::ArrayKernel,{&OpenMesh::ArrayKernel::has_face_status,0},{&OpenMesh::ArrayKernel::[thunk]: __thiscall OpenMesh::ArrayKernel::`vcall'{16,{flat}}' }',0}>::operator OpenMesh::FaceHandle': Implicit casts of iterators are unsafe. Use dereferencing operators -> and * instead.
F:\DG\project1\MeshQEM-Skeleton\OpenMesh_EX\OpenMesh_EX\Mesh\GUA_OM.cpp(516,27): warning C4996: 'OpenMesh::Iterators::GenericCirculatorT_DEPRECATED<OpenMesh::PolyConnectivity::This,OpenMesh::ArrayKernel::FaceHandle,OpenMesh::ArrayKernel::VertexHandle,{&OpenMesh::Iterators::GenericCirculatorBaseT<OpenMesh::PolyConnectivity::This>::toVertexHandle,0}>::handle': This function clutters your code. Use dereferencing operators -> and * instead.
F:\DG\project1\MeshQEM-Skeleton\OpenMesh_EX\OpenMesh_EX\Mesh\GUA_OM.cpp(532,46): warning C4996: 'OpenMesh::Iterators::GenericIteratorT<OpenMesh::PolyConnectivity::This,OpenMesh::ArrayKernel::EdgeHandle,OpenMesh::ArrayKernel,{&OpenMesh::ArrayKernel::has_edge_status,0},{&OpenMesh::ArrayKernel::[thunk]: __thiscall OpenMesh::ArrayKernel::`vcall'{12,{flat}}' }',0}>::handle': This function clutters your code. Use dereferencing operators -> and * instead.
F:\DG\project1\MeshQEM-Skeleton\OpenMesh_EX\OpenMesh_EX\Mesh\GUA_OM.cpp(555,46): warning C4996: 'OpenMesh::Iterators::GenericIteratorT<OpenMesh::PolyConnectivity::This,OpenMesh::ArrayKernel::EdgeHandle,OpenMesh::ArrayKernel,{&OpenMesh::ArrayKernel::has_edge_status,0},{&OpenMesh::ArrayKernel::[thunk]: __thiscall OpenMesh::ArrayKernel::`vcall'{12,{flat}}' }',0}>::handle': This function clutters your code. Use dereferencing operators -> and * instead.
F:\DG\project1\MeshQEM-Skeleton\OpenMesh_EX\OpenMesh_EX\Mesh\GUA_OM.cpp(574,23): warning C4996: 'OpenMesh::Iterators::GenericIteratorT<OpenMesh::PolyConnectivity::This,OpenMesh::ArrayKernel::VertexHandle,OpenMesh::ArrayKernel,{&OpenMesh::ArrayKernel::has_vertex_status,0},{&OpenMesh::ArrayKernel::[thunk]: __thiscall OpenMesh::ArrayKernel::`vcall'{4,{flat}}' }',0}>::operator OpenMesh::VertexHandle': Implicit casts of iterators are unsafe. Use dereferencing operators -> and * instead.
F:\DG\project1\MeshQEM-Skeleton\OpenMesh_EX\OpenMesh_EX\Mesh\GUA_OM.cpp(582,41): warning C4996: 'OpenMesh::Iterators::GenericIteratorT<OpenMesh::PolyConnectivity::This,OpenMesh::ArrayKernel::VertexHandle,OpenMesh::ArrayKernel,{&OpenMesh::ArrayKernel::has_vertex_status,0},{&OpenMesh::ArrayKernel::[thunk]: __thiscall OpenMesh::ArrayKernel::`vcall'{4,{flat}}' }',0}>::operator OpenMesh::VertexHandle': Implicit casts of iterators are unsafe. Use dereferencing operators -> and * instead.
F:\DG\project1\MeshQEM-Skeleton\OpenMesh_EX\OpenMesh_EX\Mesh\GUA_OM.cpp(595,30): warning C4996: 'OpenMesh::Iterators::GenericIteratorT<OpenMesh::PolyConnectivity::This,OpenMesh::ArrayKernel::VertexHandle,OpenMesh::ArrayKernel,{&OpenMesh::ArrayKernel::has_vertex_status,0},{&OpenMesh::ArrayKernel::[thunk]: __thiscall OpenMesh::ArrayKernel::`vcall'{4,{flat}}' }',0}>::operator OpenMesh::VertexHandle': Implicit casts of iterators are unsafe. Use dereferencing operators -> and * instead.
F:\DG\project1\MeshQEM-Skeleton\OpenMesh_EX\OpenMesh_EX\Mesh\GUA_OM.cpp(597,33): warning C4996: 'OpenMesh::Iterators::GenericCirculatorT_DEPRECATED<OpenMesh::PolyConnectivity::This,OpenMesh::ArrayKernel::VertexHandle,OpenMesh::ArrayKernel::FaceHandle,{&OpenMesh::Iterators::GenericCirculatorBaseT<OpenMesh::PolyConnectivity::This>::toFaceHandle,0}>::operator OpenMesh::FaceHandle': Implicit casts of iterators are unsafe. Use dereferencing operators -> and * instead.
F:\DG\project1\MeshQEM-Skeleton\OpenMesh_EX\OpenMesh_EX\Mesh\GUA_OM.cpp(598,20): warning C4996: 'OpenMesh::Iterators::GenericIteratorT<OpenMesh::PolyConnectivity::This,OpenMesh::ArrayKernel::VertexHandle,OpenMesh::ArrayKernel,{&OpenMesh::ArrayKernel::has_vertex_status,0},{&OpenMesh::ArrayKernel::[thunk]: __thiscall OpenMesh::ArrayKernel::`vcall'{4,{flat}}' }',0}>::operator OpenMesh::VertexHandle': Implicit casts of iterators are unsafe. Use dereferencing operators -> and * instead.
F:\DG\project1\MeshQEM-Skeleton\OpenMesh_EX\OpenMesh_EX\Mesh\GUA_OM.cpp(603,28): warning C4996: 'OpenMesh::Iterators::GenericIteratorT<OpenMesh::PolyConnectivity::This,OpenMesh::ArrayKernel::VertexHandle,OpenMesh::ArrayKernel,{&OpenMesh::ArrayKernel::has_vertex_status,0},{&OpenMesh::ArrayKernel::[thunk]: __thiscall OpenMesh::ArrayKernel::`vcall'{4,{flat}}' }',0}>::operator OpenMesh::VertexHandle': Implicit casts of iterators are unsafe. Use dereferencing operators -> and * instead.
F:\DG\project1\MeshQEM-Skeleton\OpenMesh_EX\OpenMesh_EX\Mesh\GUA_OM.cpp(609,40): warning C4996: 'OpenMesh::Iterators::GenericIteratorT<OpenMesh::PolyConnectivity::This,OpenMesh::ArrayKernel::EdgeHandle,OpenMesh::ArrayKernel,{&OpenMesh::ArrayKernel::has_edge_status,0},{&OpenMesh::ArrayKernel::[thunk]: __thiscall OpenMesh::ArrayKernel::`vcall'{12,{flat}}' }',0}>::operator OpenMesh::EdgeHandle': Implicit casts of iterators are unsafe. Use dereferencing operators -> and * instead.
F:\DG\project1\MeshQEM-Skeleton\OpenMesh_EX\OpenMesh_EX\Mesh\GUA_OM.cpp(620,35): warning C4996: 'OpenMesh::Iterators::GenericIteratorT<OpenMesh::PolyConnectivity::This,OpenMesh::ArrayKernel::EdgeHandle,OpenMesh::ArrayKernel,{&OpenMesh::ArrayKernel::has_edge_status,0},{&OpenMesh::ArrayKernel::[thunk]: __thiscall OpenMesh::ArrayKernel::`vcall'{12,{flat}}' }',0}>::operator OpenMesh::EdgeHandle': Implicit casts of iterators are unsafe. Use dereferencing operators -> and * instead.
F:\DG\project1\MeshQEM-Skeleton\OpenMesh_EX\OpenMesh_EX\Mesh\GUA_OM.cpp(621,28): warning C4996: 'OpenMesh::Iterators::GenericIteratorT<OpenMesh::PolyConnectivity::This,OpenMesh::ArrayKernel::EdgeHandle,OpenMesh::ArrayKernel,{&OpenMesh::ArrayKernel::has_edge_status,0},{&OpenMesh::ArrayKernel::[thunk]: __thiscall OpenMesh::ArrayKernel::`vcall'{12,{flat}}' }',0}>::operator OpenMesh::EdgeHandle': Implicit casts of iterators are unsafe. Use dereferencing operators -> and * instead.
F:\DG\project1\MeshQEM-Skeleton\OpenMesh_EX\OpenMesh_EX\Mesh\GUA_OM.cpp(622,55): warning C4996: 'OpenMesh::Iterators::GenericIteratorT<OpenMesh::PolyConnectivity::This,OpenMesh::ArrayKernel::EdgeHandle,OpenMesh::ArrayKernel,{&OpenMesh::ArrayKernel::has_edge_status,0},{&OpenMesh::ArrayKernel::[thunk]: __thiscall OpenMesh::ArrayKernel::`vcall'{12,{flat}}' }',0}>::handle': This function clutters your code. Use dereferencing operators -> and * instead.
  MyForm.cpp
F:\DG\project1\MeshQEM-Skeleton\OpenMesh_EX\OpenMesh_EX\MyForm.cpp(6,1): warning C4829: 函式 main 的參數可能不正確。請考慮 'int main(Platform::Array<Platform::String^>^ argv)'
  正在產生程式碼...
F:\DG\project1\MeshQEM-Skeleton\OpenMesh_EX\OpenMesh_EX\Mesh\GUA_OM.cpp : warning C4793: 'OpenMesh::ArrayKernel::`vcall'{16}'': 函式會編譯成機器碼:
  	非 clrcall 的 vcall Thunk 必須編譯為原生
F:\DG\project1\MeshQEM-Skeleton\OpenMesh_EX\OpenMesh_EX\Mesh\GUA_OM.cpp : warning C4793: 'OpenMesh::ArrayKernel::`vcall'{12}'': 函式會編譯成機器碼:
  	非 clrcall 的 vcall Thunk 必須編譯為原生
F:\DG\project1\MeshQEM-Skeleton\OpenMesh_EX\OpenMesh_EX\Mesh\GUA_OM.cpp : warning C4793: 'OpenMesh::ArrayKernel::`vcall'{4}'': 函式會編譯成機器碼:
  	非 clrcall 的 vcall Thunk 必須編譯為原生
F:\DG\project1\MeshQEM-Skeleton\OpenMesh_EX\OpenMesh_EX\Mesh\GUA_OM.cpp : warning C4793: 'OpenMesh::ArrayKernel::`vcall'{8}'': 函式會編譯成機器碼:
  	非 clrcall 的 vcall Thunk 必須編譯為原生
F:\DG\project1\MeshQEM-Skeleton\OpenMesh_EX\eigen-3.3.7\Eigen\src\LU\arch\Inverse_SSE.h(179): warning C4793: 'Eigen::internal::compute_inverse_size4<1,double,Eigen::Matrix<double,4,4,0,4,4>,Eigen::Matrix<double,4,4,0,4,4> >::run': 函式會編譯成機器碼:
  	找到受控碼中不支援的內建
F:\DG\project1\MeshQEM-Skeleton\OpenMesh_EX\eigen-3.3.7\Eigen\src\LU\arch\Inverse_SSE.h(179): warning C4793: 'Eigen::internal::compute_inverse_size4<1,double,Eigen::Matrix<double,4,4,0,4,4>,Eigen::Matrix<double,4,4,0,4,4> >::run': 函式會編譯成機器碼:
  	找到受控碼中不支援的內建
F:\DG\project1\MeshQEM-Skeleton\OpenMesh_EX\eigen-3.3.7\Eigen\src\LU\arch\Inverse_SSE.h(180): warning C4793: 'Eigen::internal::compute_inverse_size4<1,double,Eigen::Matrix<double,4,4,0,4,4>,Eigen::Matrix<double,4,4,0,4,4> >::run': 函式會編譯成機器碼:
  	找到受控碼中不支援的內建
F:\DG\project1\MeshQEM-Skeleton\OpenMesh_EX\eigen-3.3.7\Eigen\src\LU\arch\Inverse_SSE.h(180): warning C4793: 'Eigen::internal::compute_inverse_size4<1,double,Eigen::Matrix<double,4,4,0,4,4>,Eigen::Matrix<double,4,4,0,4,4> >::run': 函式會編譯成機器碼:
  	找到受控碼中不支援的內建
F:\DG\project1\MeshQEM-Skeleton\OpenMesh_EX\eigen-3.3.7\Eigen\src\LU\arch\Inverse_SSE.h(204): warning C4793: 'Eigen::internal::compute_inverse_size4<1,double,Eigen::Matrix<double,4,4,0,4,4>,Eigen::Matrix<double,4,4,0,4,4> >::run': 函式會編譯成機器碼:
  	找到受控碼中不支援的內建
F:\DG\project1\MeshQEM-Skeleton\OpenMesh_EX\eigen-3.3.7\Eigen\src\LU\arch\Inverse_SSE.h(205): warning C4793: 'Eigen::internal::compute_inverse_size4<1,double,Eigen::Matrix<double,4,4,0,4,4>,Eigen::Matrix<double,4,4,0,4,4> >::run': 函式會編譯成機器碼:
  	找到受控碼中不支援的內建
F:\DG\project1\MeshQEM-Skeleton\OpenMesh_EX\eigen-3.3.7\Eigen\src\LU\arch\Inverse_SSE.h(207): warning C4793: 'Eigen::internal::compute_inverse_size4<1,double,Eigen::Matrix<double,4,4,0,4,4>,Eigen::Matrix<double,4,4,0,4,4> >::run': 函式會編譯成機器碼:
  	找到受控碼中不支援的內建
F:\DG\project1\MeshQEM-Skeleton\OpenMesh_EX\eigen-3.3.7\Eigen\src\LU\arch\Inverse_SSE.h(208): warning C4793: 'Eigen::internal::compute_inverse_size4<1,double,Eigen::Matrix<double,4,4,0,4,4>,Eigen::Matrix<double,4,4,0,4,4> >::run': 函式會編譯成機器碼:
  	找到受控碼中不支援的內建
F:\DG\project1\MeshQEM-Skeleton\OpenMesh_EX\eigen-3.3.7\Eigen\src\LU\arch\Inverse_SSE.h(213): warning C4793: 'Eigen::internal::compute_inverse_size4<1,double,Eigen::Matrix<double,4,4,0,4,4>,Eigen::Matrix<double,4,4,0,4,4> >::run': 函式會編譯成機器碼:
  	找到受控碼中不支援的內建
F:\DG\project1\MeshQEM-Skeleton\OpenMesh_EX\eigen-3.3.7\Eigen\src\LU\arch\Inverse_SSE.h(214): warning C4793: 'Eigen::internal::compute_inverse_size4<1,double,Eigen::Matrix<double,4,4,0,4,4>,Eigen::Matrix<double,4,4,0,4,4> >::run': 函式會編譯成機器碼:
  	找到受控碼中不支援的內建
F:\DG\project1\MeshQEM-Skeleton\OpenMesh_EX\eigen-3.3.7\Eigen\src\LU\arch\Inverse_SSE.h(216): warning C4793: 'Eigen::internal::compute_inverse_size4<1,double,Eigen::Matrix<double,4,4,0,4,4>,Eigen::Matrix<double,4,4,0,4,4> >::run': 函式會編譯成機器碼:
  	找到受控碼中不支援的內建
F:\DG\project1\MeshQEM-Skeleton\OpenMesh_EX\eigen-3.3.7\Eigen\src\LU\arch\Inverse_SSE.h(217): warning C4793: 'Eigen::internal::compute_inverse_size4<1,double,Eigen::Matrix<double,4,4,0,4,4>,Eigen::Matrix<double,4,4,0,4,4> >::run': 函式會編譯成機器碼:
  	找到受控碼中不支援的內建
F:\DG\project1\MeshQEM-Skeleton\OpenMesh_EX\eigen-3.3.7\Eigen\src\LU\arch\Inverse_SSE.h(226): warning C4793: 'Eigen::internal::compute_inverse_size4<1,double,Eigen::Matrix<double,4,4,0,4,4>,Eigen::Matrix<double,4,4,0,4,4> >::run': 函式會編譯成機器碼:
  	找到受控碼中不支援的內建
F:\DG\project1\MeshQEM-Skeleton\OpenMesh_EX\eigen-3.3.7\Eigen\src\LU\arch\Inverse_SSE.h(227): warning C4793: 'Eigen::internal::compute_inverse_size4<1,double,Eigen::Matrix<double,4,4,0,4,4>,Eigen::Matrix<double,4,4,0,4,4> >::run': 函式會編譯成機器碼:
  	找到受控碼中不支援的內建
F:\DG\project1\MeshQEM-Skeleton\OpenMesh_EX\eigen-3.3.7\Eigen\src\LU\arch\Inverse_SSE.h(228): warning C4793: 'Eigen::internal::compute_inverse_size4<1,double,Eigen::Matrix<double,4,4,0,4,4>,Eigen::Matrix<double,4,4,0,4,4> >::run': 函式會編譯成機器碼:
  	找到受控碼中不支援的內建
F:\DG\project1\MeshQEM-Skeleton\OpenMesh_EX\eigen-3.3.7\Eigen\src\LU\arch\Inverse_SSE.h(228): warning C4793: 'Eigen::internal::compute_inverse_size4<1,double,Eigen::Matrix<double,4,4,0,4,4>,Eigen::Matrix<double,4,4,0,4,4> >::run': 函式會編譯成機器碼:
  	找到受控碼中不支援的內建
F:\DG\project1\MeshQEM-Skeleton\OpenMesh_EX\eigen-3.3.7\Eigen\src\LU\arch\Inverse_SSE.h(230): warning C4793: 'Eigen::internal::compute_inverse_size4<1,double,Eigen::Matrix<double,4,4,0,4,4>,Eigen::Matrix<double,4,4,0,4,4> >::run': 函式會編譯成機器碼:
  	找到受控碼中不支援的內建
F:\DG\project1\MeshQEM-Skeleton\OpenMesh_EX\eigen-3.3.7\Eigen\src\LU\arch\Inverse_SSE.h(231): warning C4793: 'Eigen::internal::compute_inverse_size4<1,double,Eigen::Matrix<double,4,4,0,4,4>,Eigen::Matrix<double,4,4,0,4,4> >::run': 函式會編譯成機器碼:
  	找到受控碼中不支援的內建
F:\DG\project1\MeshQEM-Skeleton\OpenMesh_EX\eigen-3.3.7\Eigen\src\LU\arch\Inverse_SSE.h(232): warning C4793: 'Eigen::internal::compute_inverse_size4<1,double,Eigen::Matrix<double,4,4,0,4,4>,Eigen::Matrix<double,4,4,0,4,4> >::run': 函式會編譯成機器碼:
  	找到受控碼中不支援的內建
F:\DG\project1\MeshQEM-Skeleton\OpenMesh_EX\eigen-3.3.7\Eigen\src\LU\arch\Inverse_SSE.h(232): warning C4793: 'Eigen::internal::compute_inverse_size4<1,double,Eigen::Matrix<double,4,4,0,4,4>,Eigen::Matrix<double,4,4,0,4,4> >::run': 函式會編譯成機器碼:
  	找到受控碼中不支援的內建
F:\DG\project1\MeshQEM-Skeleton\OpenMesh_EX\eigen-3.3.7\Eigen\src\LU\arch\Inverse_SSE.h(235): warning C4793: 'Eigen::internal::compute_inverse_size4<1,double,Eigen::Matrix<double,4,4,0,4,4>,Eigen::Matrix<double,4,4,0,4,4> >::run': 函式會編譯成機器碼:
  	找到受控碼中不支援的內建
F:\DG\project1\MeshQEM-Skeleton\OpenMesh_EX\eigen-3.3.7\Eigen\src\LU\arch\Inverse_SSE.h(235): warning C4793: 'Eigen::internal::compute_inverse_size4<1,double,Eigen::Matrix<double,4,4,0,4,4>,Eigen::Matrix<double,4,4,0,4,4> >::run': 函式會編譯成機器碼:
  	找到受控碼中不支援的內建
F:\DG\project1\MeshQEM-Skeleton\OpenMesh_EX\eigen-3.3.7\Eigen\src\LU\arch\Inverse_SSE.h(236): warning C4793: 'Eigen::internal::compute_inverse_size4<1,double,Eigen::Matrix<double,4,4,0,4,4>,Eigen::Matrix<double,4,4,0,4,4> >::run': 函式會編譯成機器碼:
  	找到受控碼中不支援的內建
F:\DG\project1\MeshQEM-Skeleton\OpenMesh_EX\eigen-3.3.7\Eigen\src\LU\arch\Inverse_SSE.h(236): warning C4793: 'Eigen::internal::compute_inverse_size4<1,double,Eigen::Matrix<double,4,4,0,4,4>,Eigen::Matrix<double,4,4,0,4,4> >::run': 函式會編譯成機器碼:
  	找到受控碼中不支援的內建
F:\DG\project1\MeshQEM-Skeleton\OpenMesh_EX\eigen-3.3.7\Eigen\src\LU\arch\Inverse_SSE.h(237): warning C4793: 'Eigen::internal::compute_inverse_size4<1,double,Eigen::Matrix<double,4,4,0,4,4>,Eigen::Matrix<double,4,4,0,4,4> >::run': 函式會編譯成機器碼:
  	找到受控碼中不支援的內建
F:\DG\project1\MeshQEM-Skeleton\OpenMesh_EX\eigen-3.3.7\Eigen\src\LU\arch\Inverse_SSE.h(237): warning C4793: 'Eigen::internal::compute_inverse_size4<1,double,Eigen::Matrix<double,4,4,0,4,4>,Eigen::Matrix<double,4,4,0,4,4> >::run': 函式會編譯成機器碼:
  	找到受控碼中不支援的內建
F:\DG\project1\MeshQEM-Skeleton\OpenMesh_EX\eigen-3.3.7\Eigen\src\LU\arch\Inverse_SSE.h(237): warning C4793: 'Eigen::internal::compute_inverse_size4<1,double,Eigen::Matrix<double,4,4,0,4,4>,Eigen::Matrix<double,4,4,0,4,4> >::run': 函式會編譯成機器碼:
  	找到受控碼中不支援的內建
F:\DG\project1\MeshQEM-Skeleton\OpenMesh_EX\eigen-3.3.7\Eigen\src\LU\arch\Inverse_SSE.h(238): warning C4793: 'Eigen::internal::compute_inverse_size4<1,double,Eigen::Matrix<double,4,4,0,4,4>,Eigen::Matrix<double,4,4,0,4,4> >::run': 函式會編譯成機器碼:
  	找到受控碼中不支援的內建
F:\DG\project1\MeshQEM-Skeleton\OpenMesh_EX\eigen-3.3.7\Eigen\src\LU\arch\Inverse_SSE.h(238): warning C4793: 'Eigen::internal::compute_inverse_size4<1,double,Eigen::Matrix<double,4,4,0,4,4>,Eigen::Matrix<double,4,4,0,4,4> >::run': 函式會編譯成機器碼:
  	找到受控碼中不支援的內建
F:\DG\project1\MeshQEM-Skeleton\OpenMesh_EX\eigen-3.3.7\Eigen\src\LU\arch\Inverse_SSE.h(238): warning C4793: 'Eigen::internal::compute_inverse_size4<1,double,Eigen::Matrix<double,4,4,0,4,4>,Eigen::Matrix<double,4,4,0,4,4> >::run': 函式會編譯成機器碼:
  	找到受控碼中不支援的內建
F:\DG\project1\MeshQEM-Skeleton\OpenMesh_EX\eigen-3.3.7\Eigen\src\LU\arch\Inverse_SSE.h(241): warning C4793: 'Eigen::internal::compute_inverse_size4<1,double,Eigen::Matrix<double,4,4,0,4,4>,Eigen::Matrix<double,4,4,0,4,4> >::run': 函式會編譯成機器碼:
  	找到受控碼中不支援的內建
F:\DG\project1\MeshQEM-Skeleton\OpenMesh_EX\eigen-3.3.7\Eigen\src\LU\arch\Inverse_SSE.h(242): warning C4793: 'Eigen::internal::compute_inverse_size4<1,double,Eigen::Matrix<double,4,4,0,4,4>,Eigen::Matrix<double,4,4,0,4,4> >::run': 函式會編譯成機器碼:
  	找到受控碼中不支援的內建
F:\DG\project1\MeshQEM-Skeleton\OpenMesh_EX\eigen-3.3.7\Eigen\src\LU\arch\Inverse_SSE.h(243): warning C4793: 'Eigen::internal::compute_inverse_size4<1,double,Eigen::Matrix<double,4,4,0,4,4>,Eigen::Matrix<double,4,4,0,4,4> >::run': 函式會編譯成機器碼:
  	找到受控碼中不支援的內建
F:\DG\project1\MeshQEM-Skeleton\OpenMesh_EX\eigen-3.3.7\Eigen\src\LU\arch\Inverse_SSE.h(243): warning C4793: 'Eigen::internal::compute_inverse_size4<1,double,Eigen::Matrix<double,4,4,0,4,4>,Eigen::Matrix<double,4,4,0,4,4> >::run': 函式會編譯成機器碼:
  	找到受控碼中不支援的內建
F:\DG\project1\MeshQEM-Skeleton\OpenMesh_EX\eigen-3.3.7\Eigen\src\LU\arch\Inverse_SSE.h(245): warning C4793: 'Eigen::internal::compute_inverse_size4<1,double,Eigen::Matrix<double,4,4,0,4,4>,Eigen::Matrix<double,4,4,0,4,4> >::run': 函式會編譯成機器碼:
  	找到受控碼中不支援的內建
F:\DG\project1\MeshQEM-Skeleton\OpenMesh_EX\eigen-3.3.7\Eigen\src\LU\arch\Inverse_SSE.h(246): warning C4793: 'Eigen::internal::compute_inverse_size4<1,double,Eigen::Matrix<double,4,4,0,4,4>,Eigen::Matrix<double,4,4,0,4,4> >::run': 函式會編譯成機器碼:
  	找到受控碼中不支援的內建
F:\DG\project1\MeshQEM-Skeleton\OpenMesh_EX\eigen-3.3.7\Eigen\src\LU\arch\Inverse_SSE.h(247): warning C4793: 'Eigen::internal::compute_inverse_size4<1,double,Eigen::Matrix<double,4,4,0,4,4>,Eigen::Matrix<double,4,4,0,4,4> >::run': 函式會編譯成機器碼:
  	找到受控碼中不支援的內建
F:\DG\project1\MeshQEM-Skeleton\OpenMesh_EX\eigen-3.3.7\Eigen\src\LU\arch\Inverse_SSE.h(247): warning C4793: 'Eigen::internal::compute_inverse_size4<1,double,Eigen::Matrix<double,4,4,0,4,4>,Eigen::Matrix<double,4,4,0,4,4> >::run': 函式會編譯成機器碼:
  	找到受控碼中不支援的內建
F:\DG\project1\MeshQEM-Skeleton\OpenMesh_EX\eigen-3.3.7\Eigen\src\LU\arch\Inverse_SSE.h(250): warning C4793: 'Eigen::internal::compute_inverse_size4<1,double,Eigen::Matrix<double,4,4,0,4,4>,Eigen::Matrix<double,4,4,0,4,4> >::run': 函式會編譯成機器碼:
  	找到受控碼中不支援的內建
F:\DG\project1\MeshQEM-Skeleton\OpenMesh_EX\eigen-3.3.7\Eigen\src\LU\arch\Inverse_SSE.h(250): warning C4793: 'Eigen::internal::compute_inverse_size4<1,double,Eigen::Matrix<double,4,4,0,4,4>,Eigen::Matrix<double,4,4,0,4,4> >::run': 函式會編譯成機器碼:
  	找到受控碼中不支援的內建
F:\DG\project1\MeshQEM-Skeleton\OpenMesh_EX\eigen-3.3.7\Eigen\src\LU\arch\Inverse_SSE.h(251): warning C4793: 'Eigen::internal::compute_inverse_size4<1,double,Eigen::Matrix<double,4,4,0,4,4>,Eigen::Matrix<double,4,4,0,4,4> >::run': 函式會編譯成機器碼:
  	找到受控碼中不支援的內建
F:\DG\project1\MeshQEM-Skeleton\OpenMesh_EX\eigen-3.3.7\Eigen\src\LU\arch\Inverse_SSE.h(251): warning C4793: 'Eigen::internal::compute_inverse_size4<1,double,Eigen::Matrix<double,4,4,0,4,4>,Eigen::Matrix<double,4,4,0,4,4> >::run': 函式會編譯成機器碼:
  	找到受控碼中不支援的內建
F:\DG\project1\MeshQEM-Skeleton\OpenMesh_EX\eigen-3.3.7\Eigen\src\LU\arch\Inverse_SSE.h(252): warning C4793: 'Eigen::internal::compute_inverse_size4<1,double,Eigen::Matrix<double,4,4,0,4,4>,Eigen::Matrix<double,4,4,0,4,4> >::run': 函式會編譯成機器碼:
  	找到受控碼中不支援的內建
F:\DG\project1\MeshQEM-Skeleton\OpenMesh_EX\eigen-3.3.7\Eigen\src\LU\arch\Inverse_SSE.h(252): warning C4793: 'Eigen::internal::compute_inverse_size4<1,double,Eigen::Matrix<double,4,4,0,4,4>,Eigen::Matrix<double,4,4,0,4,4> >::run': 函式會編譯成機器碼:
  	找到受控碼中不支援的內建
F:\DG\project1\MeshQEM-Skeleton\OpenMesh_EX\eigen-3.3.7\Eigen\src\LU\arch\Inverse_SSE.h(252): warning C4793: 'Eigen::internal::compute_inverse_size4<1,double,Eigen::Matrix<double,4,4,0,4,4>,Eigen::Matrix<double,4,4,0,4,4> >::run': 函式會編譯成機器碼:
  	找到受控碼中不支援的內建
F:\DG\project1\MeshQEM-Skeleton\OpenMesh_EX\eigen-3.3.7\Eigen\src\LU\arch\Inverse_SSE.h(253): warning C4793: 'Eigen::internal::compute_inverse_size4<1,double,Eigen::Matrix<double,4,4,0,4,4>,Eigen::Matrix<double,4,4,0,4,4> >::run': 函式會編譯成機器碼:
  	找到受控碼中不支援的內建
F:\DG\project1\MeshQEM-Skeleton\OpenMesh_EX\eigen-3.3.7\Eigen\src\LU\arch\Inverse_SSE.h(253): warning C4793: 'Eigen::internal::compute_inverse_size4<1,double,Eigen::Matrix<double,4,4,0,4,4>,Eigen::Matrix<double,4,4,0,4,4> >::run': 函式會編譯成機器碼:
  	找到受控碼中不支援的內建
F:\DG\project1\MeshQEM-Skeleton\OpenMesh_EX\eigen-3.3.7\Eigen\src\LU\arch\Inverse_SSE.h(253): warning C4793: 'Eigen::internal::compute_inverse_size4<1,double,Eigen::Matrix<double,4,4,0,4,4>,Eigen::Matrix<double,4,4,0,4,4> >::run': 函式會編譯成機器碼:
  	找到受控碼中不支援的內建
F:\DG\project1\MeshQEM-Skeleton\OpenMesh_EX\eigen-3.3.7\Eigen\src\LU\arch\Inverse_SSE.h(256): warning C4793: 'Eigen::internal::compute_inverse_size4<1,double,Eigen::Matrix<double,4,4,0,4,4>,Eigen::Matrix<double,4,4,0,4,4> >::run': 函式會編譯成機器碼:
  	找到受控碼中不支援的內建
F:\DG\project1\MeshQEM-Skeleton\OpenMesh_EX\eigen-3.3.7\Eigen\src\LU\arch\Inverse_SSE.h(256): warning C4793: 'Eigen::internal::compute_inverse_size4<1,double,Eigen::Matrix<double,4,4,0,4,4>,Eigen::Matrix<double,4,4,0,4,4> >::run': 函式會編譯成機器碼:
  	找到受控碼中不支援的內建
F:\DG\project1\MeshQEM-Skeleton\OpenMesh_EX\eigen-3.3.7\Eigen\src\LU\arch\Inverse_SSE.h(257): warning C4793: 'Eigen::internal::compute_inverse_size4<1,double,Eigen::Matrix<double,4,4,0,4,4>,Eigen::Matrix<double,4,4,0,4,4> >::run': 函式會編譯成機器碼:
  	找到受控碼中不支援的內建
F:\DG\project1\MeshQEM-Skeleton\OpenMesh_EX\eigen-3.3.7\Eigen\src\LU\arch\Inverse_SSE.h(257): warning C4793: 'Eigen::internal::compute_inverse_size4<1,double,Eigen::Matrix<double,4,4,0,4,4>,Eigen::Matrix<double,4,4,0,4,4> >::run': 函式會編譯成機器碼:
  	找到受控碼中不支援的內建
F:\DG\project1\MeshQEM-Skeleton\OpenMesh_EX\eigen-3.3.7\Eigen\src\LU\arch\Inverse_SSE.h(258): warning C4793: 'Eigen::internal::compute_inverse_size4<1,double,Eigen::Matrix<double,4,4,0,4,4>,Eigen::Matrix<double,4,4,0,4,4> >::run': 函式會編譯成機器碼:
  	找到受控碼中不支援的內建
F:\DG\project1\MeshQEM-Skeleton\OpenMesh_EX\eigen-3.3.7\Eigen\src\LU\arch\Inverse_SSE.h(259): warning C4793: 'Eigen::internal::compute_inverse_size4<1,double,Eigen::Matrix<double,4,4,0,4,4>,Eigen::Matrix<double,4,4,0,4,4> >::run': 函式會編譯成機器碼:
  	找到受控碼中不支援的內建
F:\DG\project1\MeshQEM-Skeleton\OpenMesh_EX\eigen-3.3.7\Eigen\src\LU\arch\Inverse_SSE.h(259): warning C4793: 'Eigen::internal::compute_inverse_size4<1,double,Eigen::Matrix<double,4,4,0,4,4>,Eigen::Matrix<double,4,4,0,4,4> >::run': 函式會編譯成機器碼:
  	找到受控碼中不支援的內建
F:\DG\project1\MeshQEM-Skeleton\OpenMesh_EX\eigen-3.3.7\Eigen\src\LU\arch\Inverse_SSE.h(262): warning C4793: 'Eigen::internal::compute_inverse_size4<1,double,Eigen::Matrix<double,4,4,0,4,4>,Eigen::Matrix<double,4,4,0,4,4> >::run': 函式會編譯成機器碼:
  	找到受控碼中不支援的內建
F:\DG\project1\MeshQEM-Skeleton\OpenMesh_EX\eigen-3.3.7\Eigen\src\LU\arch\Inverse_SSE.h(262): warning C4793: 'Eigen::internal::compute_inverse_size4<1,double,Eigen::Matrix<double,4,4,0,4,4>,Eigen::Matrix<double,4,4,0,4,4> >::run': 函式會編譯成機器碼:
  	找到受控碼中不支援的內建
F:\DG\project1\MeshQEM-Skeleton\OpenMesh_EX\eigen-3.3.7\Eigen\src\LU\arch\Inverse_SSE.h(263): warning C4793: 'Eigen::internal::compute_inverse_size4<1,double,Eigen::Matrix<double,4,4,0,4,4>,Eigen::Matrix<double,4,4,0,4,4> >::run': 函式會編譯成機器碼:
  	找到受控碼中不支援的內建
F:\DG\project1\MeshQEM-Skeleton\OpenMesh_EX\eigen-3.3.7\Eigen\src\LU\arch\Inverse_SSE.h(263): warning C4793: 'Eigen::internal::compute_inverse_size4<1,double,Eigen::Matrix<double,4,4,0,4,4>,Eigen::Matrix<double,4,4,0,4,4> >::run': 函式會編譯成機器碼:
  	找到受控碼中不支援的內建
F:\DG\project1\MeshQEM-Skeleton\OpenMesh_EX\eigen-3.3.7\Eigen\src\LU\arch\Inverse_SSE.h(264): warning C4793: 'Eigen::internal::compute_inverse_size4<1,double,Eigen::Matrix<double,4,4,0,4,4>,Eigen::Matrix<double,4,4,0,4,4> >::run': 函式會編譯成機器碼:
  	找到受控碼中不支援的內建
F:\DG\project1\MeshQEM-Skeleton\OpenMesh_EX\eigen-3.3.7\Eigen\src\LU\arch\Inverse_SSE.h(264): warning C4793: 'Eigen::internal::compute_inverse_size4<1,double,Eigen::Matrix<double,4,4,0,4,4>,Eigen::Matrix<double,4,4,0,4,4> >::run': 函式會編譯成機器碼:
  	找到受控碼中不支援的內建
F:\DG\project1\MeshQEM-Skeleton\OpenMesh_EX\eigen-3.3.7\Eigen\src\LU\arch\Inverse_SSE.h(264): warning C4793: 'Eigen::internal::compute_inverse_size4<1,double,Eigen::Matrix<double,4,4,0,4,4>,Eigen::Matrix<double,4,4,0,4,4> >::run': 函式會編譯成機器碼:
  	找到受控碼中不支援的內建
F:\DG\project1\MeshQEM-Skeleton\OpenMesh_EX\eigen-3.3.7\Eigen\src\LU\arch\Inverse_SSE.h(265): warning C4793: 'Eigen::internal::compute_inverse_size4<1,double,Eigen::Matrix<double,4,4,0,4,4>,Eigen::Matrix<double,4,4,0,4,4> >::run': 函式會編譯成機器碼:
  	找到受控碼中不支援的內建
F:\DG\project1\MeshQEM-Skeleton\OpenMesh_EX\eigen-3.3.7\Eigen\src\LU\arch\Inverse_SSE.h(265): warning C4793: 'Eigen::internal::compute_inverse_size4<1,double,Eigen::Matrix<double,4,4,0,4,4>,Eigen::Matrix<double,4,4,0,4,4> >::run': 函式會編譯成機器碼:
  	找到受控碼中不支援的內建
F:\DG\project1\MeshQEM-Skeleton\OpenMesh_EX\eigen-3.3.7\Eigen\src\LU\arch\Inverse_SSE.h(265): warning C4793: 'Eigen::internal::compute_inverse_size4<1,double,Eigen::Matrix<double,4,4,0,4,4>,Eigen::Matrix<double,4,4,0,4,4> >::run': 函式會編譯成機器碼:
  	找到受控碼中不支援的內建
F:\DG\project1\MeshQEM-Skeleton\OpenMesh_EX\eigen-3.3.7\Eigen\src\LU\arch\Inverse_SSE.h(268): warning C4793: 'Eigen::internal::compute_inverse_size4<1,double,Eigen::Matrix<double,4,4,0,4,4>,Eigen::Matrix<double,4,4,0,4,4> >::run': 函式會編譯成機器碼:
  	找到受控碼中不支援的內建
F:\DG\project1\MeshQEM-Skeleton\OpenMesh_EX\eigen-3.3.7\Eigen\src\LU\arch\Inverse_SSE.h(268): warning C4793: 'Eigen::internal::compute_inverse_size4<1,double,Eigen::Matrix<double,4,4,0,4,4>,Eigen::Matrix<double,4,4,0,4,4> >::run': 函式會編譯成機器碼:
  	找到受控碼中不支援的內建
F:\DG\project1\MeshQEM-Skeleton\OpenMesh_EX\eigen-3.3.7\Eigen\src\LU\arch\Inverse_SSE.h(269): warning C4793: 'Eigen::internal::compute_inverse_size4<1,double,Eigen::Matrix<double,4,4,0,4,4>,Eigen::Matrix<double,4,4,0,4,4> >::run': 函式會編譯成機器碼:
  	找到受控碼中不支援的內建
F:\DG\project1\MeshQEM-Skeleton\OpenMesh_EX\eigen-3.3.7\Eigen\src\LU\arch\Inverse_SSE.h(269): warning C4793: 'Eigen::internal::compute_inverse_size4<1,double,Eigen::Matrix<double,4,4,0,4,4>,Eigen::Matrix<double,4,4,0,4,4> >::run': 函式會編譯成機器碼:
  	找到受控碼中不支援的內建
F:\DG\project1\MeshQEM-Skeleton\OpenMesh_EX\eigen-3.3.7\Eigen\src\LU\arch\Inverse_SSE.h(270): warning C4793: 'Eigen::internal::compute_inverse_size4<1,double,Eigen::Matrix<double,4,4,0,4,4>,Eigen::Matrix<double,4,4,0,4,4> >::run': 函式會編譯成機器碼:
  	找到受控碼中不支援的內建
F:\DG\project1\MeshQEM-Skeleton\OpenMesh_EX\eigen-3.3.7\Eigen\src\LU\arch\Inverse_SSE.h(270): warning C4793: 'Eigen::internal::compute_inverse_size4<1,double,Eigen::Matrix<double,4,4,0,4,4>,Eigen::Matrix<double,4,4,0,4,4> >::run': 函式會編譯成機器碼:
  	找到受控碼中不支援的內建
F:\DG\project1\MeshQEM-Skeleton\OpenMesh_EX\eigen-3.3.7\Eigen\src\LU\arch\Inverse_SSE.h(270): warning C4793: 'Eigen::internal::compute_inverse_size4<1,double,Eigen::Matrix<double,4,4,0,4,4>,Eigen::Matrix<double,4,4,0,4,4> >::run': 函式會編譯成機器碼:
  	找到受控碼中不支援的內建
F:\DG\project1\MeshQEM-Skeleton\OpenMesh_EX\eigen-3.3.7\Eigen\src\LU\arch\Inverse_SSE.h(271): warning C4793: 'Eigen::internal::compute_inverse_size4<1,double,Eigen::Matrix<double,4,4,0,4,4>,Eigen::Matrix<double,4,4,0,4,4> >::run': 函式會編譯成機器碼:
  	找到受控碼中不支援的內建
F:\DG\project1\MeshQEM-Skeleton\OpenMesh_EX\eigen-3.3.7\Eigen\src\LU\arch\Inverse_SSE.h(271): warning C4793: 'Eigen::internal::compute_inverse_size4<1,double,Eigen::Matrix<double,4,4,0,4,4>,Eigen::Matrix<double,4,4,0,4,4> >::run': 函式會編譯成機器碼:
  	找到受控碼中不支援的內建
F:\DG\project1\MeshQEM-Skeleton\OpenMesh_EX\eigen-3.3.7\Eigen\src\LU\arch\Inverse_SSE.h(271): warning C4793: 'Eigen::internal::compute_inverse_size4<1,double,Eigen::Matrix<double,4,4,0,4,4>,Eigen::Matrix<double,4,4,0,4,4> >::run': 函式會編譯成機器碼:
  	找到受控碼中不支援的內建
F:\DG\project1\MeshQEM-Skeleton\OpenMesh_EX\eigen-3.3.7\Eigen\src\LU\arch\Inverse_SSE.h(274): warning C4793: 'Eigen::internal::compute_inverse_size4<1,double,Eigen::Matrix<double,4,4,0,4,4>,Eigen::Matrix<double,4,4,0,4,4> >::run': 函式會編譯成機器碼:
  	找到受控碼中不支援的內建
F:\DG\project1\MeshQEM-Skeleton\OpenMesh_EX\eigen-3.3.7\Eigen\src\LU\arch\Inverse_SSE.h(275): warning C4793: 'Eigen::internal::compute_inverse_size4<1,double,Eigen::Matrix<double,4,4,0,4,4>,Eigen::Matrix<double,4,4,0,4,4> >::run': 函式會編譯成機器碼:
  	找到受控碼中不支援的內建
F:\DG\project1\MeshQEM-Skeleton\OpenMesh_EX\eigen-3.3.7\Eigen\src\LU\arch\Inverse_SSE.h(275): warning C4793: 'Eigen::internal::compute_inverse_size4<1,double,Eigen::Matrix<double,4,4,0,4,4>,Eigen::Matrix<double,4,4,0,4,4> >::run': 函式會編譯成機器碼:
  	找到受控碼中不支援的內建
F:\DG\project1\MeshQEM-Skeleton\OpenMesh_EX\eigen-3.3.7\Eigen\src\LU\arch\Inverse_SSE.h(276): warning C4793: 'Eigen::internal::compute_inverse_size4<1,double,Eigen::Matrix<double,4,4,0,4,4>,Eigen::Matrix<double,4,4,0,4,4> >::run': 函式會編譯成機器碼:
  	找到受控碼中不支援的內建
F:\DG\project1\MeshQEM-Skeleton\OpenMesh_EX\eigen-3.3.7\Eigen\src\LU\arch\Inverse_SSE.h(276): warning C4793: 'Eigen::internal::compute_inverse_size4<1,double,Eigen::Matrix<double,4,4,0,4,4>,Eigen::Matrix<double,4,4,0,4,4> >::run': 函式會編譯成機器碼:
  	找到受控碼中不支援的內建
F:\DG\project1\MeshQEM-Skeleton\OpenMesh_EX\eigen-3.3.7\Eigen\src\LU\arch\Inverse_SSE.h(279): warning C4793: 'Eigen::internal::compute_inverse_size4<1,double,Eigen::Matrix<double,4,4,0,4,4>,Eigen::Matrix<double,4,4,0,4,4> >::run': 函式會編譯成機器碼:
  	找到受控碼中不支援的內建
F:\DG\project1\MeshQEM-Skeleton\OpenMesh_EX\eigen-3.3.7\Eigen\src\LU\arch\Inverse_SSE.h(280): warning C4793: 'Eigen::internal::compute_inverse_size4<1,double,Eigen::Matrix<double,4,4,0,4,4>,Eigen::Matrix<double,4,4,0,4,4> >::run': 函式會編譯成機器碼:
  	找到受控碼中不支援的內建
F:\DG\project1\MeshQEM-Skeleton\OpenMesh_EX\eigen-3.3.7\Eigen\src\LU\arch\Inverse_SSE.h(280): warning C4793: 'Eigen::internal::compute_inverse_size4<1,double,Eigen::Matrix<double,4,4,0,4,4>,Eigen::Matrix<double,4,4,0,4,4> >::run': 函式會編譯成機器碼:
  	找到受控碼中不支援的內建
F:\DG\project1\MeshQEM-Skeleton\OpenMesh_EX\eigen-3.3.7\Eigen\src\LU\arch\Inverse_SSE.h(281): warning C4793: 'Eigen::internal::compute_inverse_size4<1,double,Eigen::Matrix<double,4,4,0,4,4>,Eigen::Matrix<double,4,4,0,4,4> >::run': 函式會編譯成機器碼:
  	找到受控碼中不支援的內建
F:\DG\project1\MeshQEM-Skeleton\OpenMesh_EX\eigen-3.3.7\Eigen\src\LU\arch\Inverse_SSE.h(281): warning C4793: 'Eigen::internal::compute_inverse_size4<1,double,Eigen::Matrix<double,4,4,0,4,4>,Eigen::Matrix<double,4,4,0,4,4> >::run': 函式會編譯成機器碼:
  	找到受控碼中不支援的內建
F:\DG\project1\MeshQEM-Skeleton\OpenMesh_EX\eigen-3.3.7\Eigen\src\LU\arch\Inverse_SSE.h(283): warning C4793: 'Eigen::internal::compute_inverse_size4<1,double,Eigen::Matrix<double,4,4,0,4,4>,Eigen::Matrix<double,4,4,0,4,4> >::run': 函式會編譯成機器碼:
  	找到受控碼中不支援的內建
F:\DG\project1\MeshQEM-Skeleton\OpenMesh_EX\eigen-3.3.7\Eigen\src\LU\arch\Inverse_SSE.h(284): warning C4793: 'Eigen::internal::compute_inverse_size4<1,double,Eigen::Matrix<double,4,4,0,4,4>,Eigen::Matrix<double,4,4,0,4,4> >::run': 函式會編譯成機器碼:
  	找到受控碼中不支援的內建
F:\DG\project1\MeshQEM-Skeleton\OpenMesh_EX\eigen-3.3.7\Eigen\src\LU\arch\Inverse_SSE.h(287): warning C4793: 'Eigen::internal::compute_inverse_size4<1,double,Eigen::Matrix<double,4,4,0,4,4>,Eigen::Matrix<double,4,4,0,4,4> >::run': 函式會編譯成機器碼:
  	找到受控碼中不支援的內建
F:\DG\project1\MeshQEM-Skeleton\OpenMesh_EX\eigen-3.3.7\Eigen\src\LU\arch\Inverse_SSE.h(287): warning C4793: 'Eigen::internal::compute_inverse_size4<1,double,Eigen::Matrix<double,4,4,0,4,4>,Eigen::Matrix<double,4,4,0,4,4> >::run': 函式會編譯成機器碼:
  	找到受控碼中不支援的內建
F:\DG\project1\MeshQEM-Skeleton\OpenMesh_EX\eigen-3.3.7\Eigen\src\LU\arch\Inverse_SSE.h(288): warning C4793: 'Eigen::internal::compute_inverse_size4<1,double,Eigen::Matrix<double,4,4,0,4,4>,Eigen::Matrix<double,4,4,0,4,4> >::run': 函式會編譯成機器碼:
  	找到受控碼中不支援的內建
F:\DG\project1\MeshQEM-Skeleton\OpenMesh_EX\eigen-3.3.7\Eigen\src\LU\arch\Inverse_SSE.h(288): warning C4793: 'Eigen::internal::compute_inverse_size4<1,double,Eigen::Matrix<double,4,4,0,4,4>,Eigen::Matrix<double,4,4,0,4,4> >::run': 函式會編譯成機器碼:
  	找到受控碼中不支援的內建
F:\DG\project1\MeshQEM-Skeleton\OpenMesh_EX\eigen-3.3.7\Eigen\src\LU\arch\Inverse_SSE.h(289): warning C4793: 'Eigen::internal::compute_inverse_size4<1,double,Eigen::Matrix<double,4,4,0,4,4>,Eigen::Matrix<double,4,4,0,4,4> >::run': 函式會編譯成機器碼:
  	找到受控碼中不支援的內建
F:\DG\project1\MeshQEM-Skeleton\OpenMesh_EX\eigen-3.3.7\Eigen\src\LU\arch\Inverse_SSE.h(289): warning C4793: 'Eigen::internal::compute_inverse_size4<1,double,Eigen::Matrix<double,4,4,0,4,4>,Eigen::Matrix<double,4,4,0,4,4> >::run': 函式會編譯成機器碼:
  	找到受控碼中不支援的內建
F:\DG\project1\MeshQEM-Skeleton\OpenMesh_EX\eigen-3.3.7\Eigen\src\LU\arch\Inverse_SSE.h(289): warning C4793: 'Eigen::internal::compute_inverse_size4<1,double,Eigen::Matrix<double,4,4,0,4,4>,Eigen::Matrix<double,4,4,0,4,4> >::run': 函式會編譯成機器碼:
  	找到受控碼中不支援的內建
F:\DG\project1\MeshQEM-Skeleton\OpenMesh_EX\eigen-3.3.7\Eigen\src\LU\arch\Inverse_SSE.h(289): warning C4793: 'Eigen::internal::compute_inverse_size4<1,double,Eigen::Matrix<double,4,4,0,4,4>,Eigen::Matrix<double,4,4,0,4,4> >::run': 函式會編譯成機器碼:
  	找到受控碼中不支援的內建
F:\DG\project1\MeshQEM-Skeleton\OpenMesh_EX\eigen-3.3.7\Eigen\src\LU\arch\Inverse_SSE.h(290): warning C4793: 'Eigen::internal::compute_inverse_size4<1,double,Eigen::Matrix<double,4,4,0,4,4>,Eigen::Matrix<double,4,4,0,4,4> >::run': 函式會編譯成機器碼:
  	找到受控碼中不支援的內建
F:\DG\project1\MeshQEM-Skeleton\OpenMesh_EX\eigen-3.3.7\Eigen\src\LU\arch\Inverse_SSE.h(290): warning C4793: 'Eigen::internal::compute_inverse_size4<1,double,Eigen::Matrix<double,4,4,0,4,4>,Eigen::Matrix<double,4,4,0,4,4> >::run': 函式會編譯成機器碼:
  	找到受控碼中不支援的內建
F:\DG\project1\MeshQEM-Skeleton\OpenMesh_EX\eigen-3.3.7\Eigen\src\LU\arch\Inverse_SSE.h(290): warning C4793: 'Eigen::internal::compute_inverse_size4<1,double,Eigen::Matrix<double,4,4,0,4,4>,Eigen::Matrix<double,4,4,0,4,4> >::run': 函式會編譯成機器碼:
  	找到受控碼中不支援的內建
F:\DG\project1\MeshQEM-Skeleton\OpenMesh_EX\eigen-3.3.7\Eigen\src\LU\arch\Inverse_SSE.h(290): warning C4793: 'Eigen::internal::compute_inverse_size4<1,double,Eigen::Matrix<double,4,4,0,4,4>,Eigen::Matrix<double,4,4,0,4,4> >::run': 函式會編譯成機器碼:
  	找到受控碼中不支援的內建
F:\DG\project1\MeshQEM-Skeleton\OpenMesh_EX\eigen-3.3.7\Eigen\src\LU\arch\Inverse_SSE.h(293): warning C4793: 'Eigen::internal::compute_inverse_size4<1,double,Eigen::Matrix<double,4,4,0,4,4>,Eigen::Matrix<double,4,4,0,4,4> >::run': 函式會編譯成機器碼:
  	找到受控碼中不支援的內建
F:\DG\project1\MeshQEM-Skeleton\OpenMesh_EX\eigen-3.3.7\Eigen\src\LU\arch\Inverse_SSE.h(294): warning C4793: 'Eigen::internal::compute_inverse_size4<1,double,Eigen::Matrix<double,4,4,0,4,4>,Eigen::Matrix<double,4,4,0,4,4> >::run': 函式會編譯成機器碼:
  	找到受控碼中不支援的內建
F:\DG\project1\MeshQEM-Skeleton\OpenMesh_EX\eigen-3.3.7\Eigen\src\LU\arch\Inverse_SSE.h(297): warning C4793: 'Eigen::internal::compute_inverse_size4<1,double,Eigen::Matrix<double,4,4,0,4,4>,Eigen::Matrix<double,4,4,0,4,4> >::run': 函式會編譯成機器碼:
  	找到受控碼中不支援的內建
F:\DG\project1\MeshQEM-Skeleton\OpenMesh_EX\eigen-3.3.7\Eigen\src\LU\arch\Inverse_SSE.h(297): warning C4793: 'Eigen::internal::compute_inverse_size4<1,double,Eigen::Matrix<double,4,4,0,4,4>,Eigen::Matrix<double,4,4,0,4,4> >::run': 函式會編譯成機器碼:
  	找到受控碼中不支援的內建
F:\DG\project1\MeshQEM-Skeleton\OpenMesh_EX\eigen-3.3.7\Eigen\src\LU\arch\Inverse_SSE.h(298): warning C4793: 'Eigen::internal::compute_inverse_size4<1,double,Eigen::Matrix<double,4,4,0,4,4>,Eigen::Matrix<double,4,4,0,4,4> >::run': 函式會編譯成機器碼:
  	找到受控碼中不支援的內建
F:\DG\project1\MeshQEM-Skeleton\OpenMesh_EX\eigen-3.3.7\Eigen\src\LU\arch\Inverse_SSE.h(298): warning C4793: 'Eigen::internal::compute_inverse_size4<1,double,Eigen::Matrix<double,4,4,0,4,4>,Eigen::Matrix<double,4,4,0,4,4> >::run': 函式會編譯成機器碼:
  	找到受控碼中不支援的內建
F:\DG\project1\MeshQEM-Skeleton\OpenMesh_EX\eigen-3.3.7\Eigen\src\LU\arch\Inverse_SSE.h(299): warning C4793: 'Eigen::internal::compute_inverse_size4<1,double,Eigen::Matrix<double,4,4,0,4,4>,Eigen::Matrix<double,4,4,0,4,4> >::run': 函式會編譯成機器碼:
  	找到受控碼中不支援的內建
F:\DG\project1\MeshQEM-Skeleton\OpenMesh_EX\eigen-3.3.7\Eigen\src\LU\arch\Inverse_SSE.h(299): warning C4793: 'Eigen::internal::compute_inverse_size4<1,double,Eigen::Matrix<double,4,4,0,4,4>,Eigen::Matrix<double,4,4,0,4,4> >::run': 函式會編譯成機器碼:
  	找到受控碼中不支援的內建
F:\DG\project1\MeshQEM-Skeleton\OpenMesh_EX\eigen-3.3.7\Eigen\src\LU\arch\Inverse_SSE.h(299): warning C4793: 'Eigen::internal::compute_inverse_size4<1,double,Eigen::Matrix<double,4,4,0,4,4>,Eigen::Matrix<double,4,4,0,4,4> >::run': 函式會編譯成機器碼:
  	找到受控碼中不支援的內建
F:\DG\project1\MeshQEM-Skeleton\OpenMesh_EX\eigen-3.3.7\Eigen\src\LU\arch\Inverse_SSE.h(299): warning C4793: 'Eigen::internal::compute_inverse_size4<1,double,Eigen::Matrix<double,4,4,0,4,4>,Eigen::Matrix<double,4,4,0,4,4> >::run': 函式會編譯成機器碼:
  	找到受控碼中不支援的內建
F:\DG\project1\MeshQEM-Skeleton\OpenMesh_EX\eigen-3.3.7\Eigen\src\LU\arch\Inverse_SSE.h(300): warning C4793: 'Eigen::internal::compute_inverse_size4<1,double,Eigen::Matrix<double,4,4,0,4,4>,Eigen::Matrix<double,4,4,0,4,4> >::run': 函式會編譯成機器碼:
  	找到受控碼中不支援的內建
F:\DG\project1\MeshQEM-Skeleton\OpenMesh_EX\eigen-3.3.7\Eigen\src\LU\arch\Inverse_SSE.h(300): warning C4793: 'Eigen::internal::compute_inverse_size4<1,double,Eigen::Matrix<double,4,4,0,4,4>,Eigen::Matrix<double,4,4,0,4,4> >::run': 函式會編譯成機器碼:
  	找到受控碼中不支援的內建
F:\DG\project1\MeshQEM-Skeleton\OpenMesh_EX\eigen-3.3.7\Eigen\src\LU\arch\Inverse_SSE.h(300): warning C4793: 'Eigen::internal::compute_inverse_size4<1,double,Eigen::Matrix<double,4,4,0,4,4>,Eigen::Matrix<double,4,4,0,4,4> >::run': 函式會編譯成機器碼:
  	找到受控碼中不支援的內建
F:\DG\project1\MeshQEM-Skeleton\OpenMesh_EX\eigen-3.3.7\Eigen\src\LU\arch\Inverse_SSE.h(300): warning C4793: 'Eigen::internal::compute_inverse_size4<1,double,Eigen::Matrix<double,4,4,0,4,4>,Eigen::Matrix<double,4,4,0,4,4> >::run': 函式會編譯成機器碼:
  	找到受控碼中不支援的內建
F:\DG\project1\MeshQEM-Skeleton\OpenMesh_EX\eigen-3.3.7\Eigen\src\LU\arch\Inverse_SSE.h(302): warning C4793: 'Eigen::internal::compute_inverse_size4<1,double,Eigen::Matrix<double,4,4,0,4,4>,Eigen::Matrix<double,4,4,0,4,4> >::run': 函式會編譯成機器碼:
  	找到受控碼中不支援的內建
F:\DG\project1\MeshQEM-Skeleton\OpenMesh_EX\eigen-3.3.7\Eigen\src\LU\arch\Inverse_SSE.h(302): warning C4793: 'Eigen::internal::compute_inverse_size4<1,double,Eigen::Matrix<double,4,4,0,4,4>,Eigen::Matrix<double,4,4,0,4,4> >::run': 函式會編譯成機器碼:
  	找到受控碼中不支援的內建
F:\DG\project1\MeshQEM-Skeleton\OpenMesh_EX\eigen-3.3.7\Eigen\src\LU\arch\Inverse_SSE.h(306): warning C4793: 'Eigen::internal::compute_inverse_size4<1,double,Eigen::Matrix<double,4,4,0,4,4>,Eigen::Matrix<double,4,4,0,4,4> >::run': 函式會編譯成機器碼:
  	找到受控碼中不支援的內建
F:\DG\project1\MeshQEM-Skeleton\OpenMesh_EX\eigen-3.3.7\Eigen\src\LU\arch\Inverse_SSE.h(309): warning C4793: 'Eigen::internal::compute_inverse_size4<1,double,Eigen::Matrix<double,4,4,0,4,4>,Eigen::Matrix<double,4,4,0,4,4> >::run': 函式會編譯成機器碼:
  	找到受控碼中不支援的內建
F:\DG\project1\MeshQEM-Skeleton\OpenMesh_EX\eigen-3.3.7\Eigen\src\LU\arch\Inverse_SSE.h(310): warning C4793: 'Eigen::internal::compute_inverse_size4<1,double,Eigen::Matrix<double,4,4,0,4,4>,Eigen::Matrix<double,4,4,0,4,4> >::run': 函式會編譯成機器碼:
  	找到受控碼中不支援的內建
F:\DG\project1\MeshQEM-Skeleton\OpenMesh_EX\eigen-3.3.7\Eigen\src\LU\arch\Inverse_SSE.h(310): warning C4793: 'Eigen::internal::compute_inverse_size4<1,double,Eigen::Matrix<double,4,4,0,4,4>,Eigen::Matrix<double,4,4,0,4,4> >::run': 函式會編譯成機器碼:
  	找到受控碼中不支援的內建
F:\DG\project1\MeshQEM-Skeleton\OpenMesh_EX\eigen-3.3.7\Eigen\src\LU\arch\Inverse_SSE.h(311): warning C4793: 'Eigen::internal::compute_inverse_size4<1,double,Eigen::Matrix<double,4,4,0,4,4>,Eigen::Matrix<double,4,4,0,4,4> >::run': 函式會編譯成機器碼:
  	找到受控碼中不支援的內建
F:\DG\project1\MeshQEM-Skeleton\OpenMesh_EX\eigen-3.3.7\Eigen\src\LU\arch\Inverse_SSE.h(311): warning C4793: 'Eigen::internal::compute_inverse_size4<1,double,Eigen::Matrix<double,4,4,0,4,4>,Eigen::Matrix<double,4,4,0,4,4> >::run': 函式會編譯成機器碼:
  	找到受控碼中不支援的內建
F:\DG\project1\MeshQEM-Skeleton\OpenMesh_EX\eigen-3.3.7\Eigen\src\LU\arch\Inverse_SSE.h(313): warning C4793: 'Eigen::internal::compute_inverse_size4<1,double,Eigen::Matrix<double,4,4,0,4,4>,Eigen::Matrix<double,4,4,0,4,4> >::run': 函式會編譯成機器碼:
  	找到受控碼中不支援的內建
F:\DG\project1\MeshQEM-Skeleton\OpenMesh_EX\eigen-3.3.7\Eigen\src\LU\arch\Inverse_SSE.h(314): warning C4793: 'Eigen::internal::compute_inverse_size4<1,double,Eigen::Matrix<double,4,4,0,4,4>,Eigen::Matrix<double,4,4,0,4,4> >::run': 函式會編譯成機器碼:
  	找到受控碼中不支援的內建
F:\DG\project1\MeshQEM-Skeleton\OpenMesh_EX\eigen-3.3.7\Eigen\src\LU\arch\Inverse_SSE.h(317): warning C4793: 'Eigen::internal::compute_inverse_size4<1,double,Eigen::Matrix<double,4,4,0,4,4>,Eigen::Matrix<double,4,4,0,4,4> >::run': 函式會編譯成機器碼:
  	找到受控碼中不支援的內建
F:\DG\project1\MeshQEM-Skeleton\OpenMesh_EX\eigen-3.3.7\Eigen\src\LU\arch\Inverse_SSE.h(318): warning C4793: 'Eigen::internal::compute_inverse_size4<1,double,Eigen::Matrix<double,4,4,0,4,4>,Eigen::Matrix<double,4,4,0,4,4> >::run': 函式會編譯成機器碼:
  	找到受控碼中不支援的內建
F:\DG\project1\MeshQEM-Skeleton\OpenMesh_EX\eigen-3.3.7\Eigen\src\LU\arch\Inverse_SSE.h(318): warning C4793: 'Eigen::internal::compute_inverse_size4<1,double,Eigen::Matrix<double,4,4,0,4,4>,Eigen::Matrix<double,4,4,0,4,4> >::run': 函式會編譯成機器碼:
  	找到受控碼中不支援的內建
F:\DG\project1\MeshQEM-Skeleton\OpenMesh_EX\eigen-3.3.7\Eigen\src\LU\arch\Inverse_SSE.h(319): warning C4793: 'Eigen::internal::compute_inverse_size4<1,double,Eigen::Matrix<double,4,4,0,4,4>,Eigen::Matrix<double,4,4,0,4,4> >::run': 函式會編譯成機器碼:
  	找到受控碼中不支援的內建
F:\DG\project1\MeshQEM-Skeleton\OpenMesh_EX\eigen-3.3.7\Eigen\src\LU\arch\Inverse_SSE.h(319): warning C4793: 'Eigen::internal::compute_inverse_size4<1,double,Eigen::Matrix<double,4,4,0,4,4>,Eigen::Matrix<double,4,4,0,4,4> >::run': 函式會編譯成機器碼:
  	找到受控碼中不支援的內建
F:\DG\project1\MeshQEM-Skeleton\OpenMesh_EX\eigen-3.3.7\Eigen\src\LU\arch\Inverse_SSE.h(323): warning C4793: 'Eigen::internal::compute_inverse_size4<1,double,Eigen::Matrix<double,4,4,0,4,4>,Eigen::Matrix<double,4,4,0,4,4> >::run': 函式會編譯成機器碼:
  	找到受控碼中不支援的內建
F:\DG\project1\MeshQEM-Skeleton\OpenMesh_EX\eigen-3.3.7\Eigen\src\LU\arch\Inverse_SSE.h(323): warning C4793: 'Eigen::internal::compute_inverse_size4<1,double,Eigen::Matrix<double,4,4,0,4,4>,Eigen::Matrix<double,4,4,0,4,4> >::run': 函式會編譯成機器碼:
  	找到受控碼中不支援的內建
F:\DG\project1\MeshQEM-Skeleton\OpenMesh_EX\eigen-3.3.7\Eigen\src\LU\arch\Inverse_SSE.h(324): warning C4793: 'Eigen::internal::compute_inverse_size4<1,double,Eigen::Matrix<double,4,4,0,4,4>,Eigen::Matrix<double,4,4,0,4,4> >::run': 函式會編譯成機器碼:
  	找到受控碼中不支援的內建
F:\DG\project1\MeshQEM-Skeleton\OpenMesh_EX\eigen-3.3.7\Eigen\src\LU\arch\Inverse_SSE.h(324): warning C4793: 'Eigen::internal::compute_inverse_size4<1,double,Eigen::Matrix<double,4,4,0,4,4>,Eigen::Matrix<double,4,4,0,4,4> >::run': 函式會編譯成機器碼:
  	找到受控碼中不支援的內建
F:\DG\project1\MeshQEM-Skeleton\OpenMesh_EX\eigen-3.3.7\Eigen\src\LU\arch\Inverse_SSE.h(325): warning C4793: 'Eigen::internal::compute_inverse_size4<1,double,Eigen::Matrix<double,4,4,0,4,4>,Eigen::Matrix<double,4,4,0,4,4> >::run': 函式會編譯成機器碼:
  	找到受控碼中不支援的內建
F:\DG\project1\MeshQEM-Skeleton\OpenMesh_EX\eigen-3.3.7\Eigen\src\LU\arch\Inverse_SSE.h(325): warning C4793: 'Eigen::internal::compute_inverse_size4<1,double,Eigen::Matrix<double,4,4,0,4,4>,Eigen::Matrix<double,4,4,0,4,4> >::run': 函式會編譯成機器碼:
  	找到受控碼中不支援的內建
F:\DG\project1\MeshQEM-Skeleton\OpenMesh_EX\eigen-3.3.7\Eigen\src\LU\arch\Inverse_SSE.h(326): warning C4793: 'Eigen::internal::compute_inverse_size4<1,double,Eigen::Matrix<double,4,4,0,4,4>,Eigen::Matrix<double,4,4,0,4,4> >::run': 函式會編譯成機器碼:
  	找到受控碼中不支援的內建
F:\DG\project1\MeshQEM-Skeleton\OpenMesh_EX\eigen-3.3.7\Eigen\src\LU\arch\Inverse_SSE.h(326): warning C4793: 'Eigen::internal::compute_inverse_size4<1,double,Eigen::Matrix<double,4,4,0,4,4>,Eigen::Matrix<double,4,4,0,4,4> >::run': 函式會編譯成機器碼:
  	找到受控碼中不支援的內建
F:\DG\project1\MeshQEM-Skeleton\OpenMesh_EX\eigen-3.3.7\Eigen\src\LU\arch\Inverse_SSE.h(327): warning C4793: 'Eigen::internal::compute_inverse_size4<1,double,Eigen::Matrix<double,4,4,0,4,4>,Eigen::Matrix<double,4,4,0,4,4> >::run': 函式會編譯成機器碼:
  	找到受控碼中不支援的內建
F:\DG\project1\MeshQEM-Skeleton\OpenMesh_EX\eigen-3.3.7\Eigen\src\LU\arch\Inverse_SSE.h(327): warning C4793: 'Eigen::internal::compute_inverse_size4<1,double,Eigen::Matrix<double,4,4,0,4,4>,Eigen::Matrix<double,4,4,0,4,4> >::run': 函式會編譯成機器碼:
  	找到受控碼中不支援的內建
F:\DG\project1\MeshQEM-Skeleton\OpenMesh_EX\eigen-3.3.7\Eigen\src\LU\arch\Inverse_SSE.h(328): warning C4793: 'Eigen::internal::compute_inverse_size4<1,double,Eigen::Matrix<double,4,4,0,4,4>,Eigen::Matrix<double,4,4,0,4,4> >::run': 函式會編譯成機器碼:
  	找到受控碼中不支援的內建
F:\DG\project1\MeshQEM-Skeleton\OpenMesh_EX\eigen-3.3.7\Eigen\src\LU\arch\Inverse_SSE.h(328): warning C4793: 'Eigen::internal::compute_inverse_size4<1,double,Eigen::Matrix<double,4,4,0,4,4>,Eigen::Matrix<double,4,4,0,4,4> >::run': 函式會編譯成機器碼:
  	找到受控碼中不支援的內建
F:\DG\project1\MeshQEM-Skeleton\OpenMesh_EX\eigen-3.3.7\Eigen\src\LU\arch\Inverse_SSE.h(329): warning C4793: 'Eigen::internal::compute_inverse_size4<1,double,Eigen::Matrix<double,4,4,0,4,4>,Eigen::Matrix<double,4,4,0,4,4> >::run': 函式會編譯成機器碼:
  	找到受控碼中不支援的內建
F:\DG\project1\MeshQEM-Skeleton\OpenMesh_EX\eigen-3.3.7\Eigen\src\LU\arch\Inverse_SSE.h(329): warning C4793: 'Eigen::internal::compute_inverse_size4<1,double,Eigen::Matrix<double,4,4,0,4,4>,Eigen::Matrix<double,4,4,0,4,4> >::run': 函式會編譯成機器碼:
  	找到受控碼中不支援的內建
F:\DG\project1\MeshQEM-Skeleton\OpenMesh_EX\eigen-3.3.7\Eigen\src\LU\arch\Inverse_SSE.h(330): warning C4793: 'Eigen::internal::compute_inverse_size4<1,double,Eigen::Matrix<double,4,4,0,4,4>,Eigen::Matrix<double,4,4,0,4,4> >::run': 函式會編譯成機器碼:
  	找到受控碼中不支援的內建
F:\DG\project1\MeshQEM-Skeleton\OpenMesh_EX\eigen-3.3.7\Eigen\src\LU\arch\Inverse_SSE.h(330): warning C4793: 'Eigen::internal::compute_inverse_size4<1,double,Eigen::Matrix<double,4,4,0,4,4>,Eigen::Matrix<double,4,4,0,4,4> >::run': 函式會編譯成機器碼:
  	找到受控碼中不支援的內建
F:\DG\project1\MeshQEM-Skeleton\OpenMesh_EX\eigen-3.3.7\Eigen\src\Core\arch\SSE\PacketMath.h(359): warning C4793: 'Eigen::internal::pstore<double,__m128d>': 函式會編譯成機器碼:
  	找到受控碼中不支援的內建
F:\DG\project1\MeshQEM-Skeleton\OpenMesh_EX\eigen-3.3.7\Eigen\src\Core\arch\SSE\PacketMath.h(362): warning C4793: 'Eigen::internal::pstoreu<double,__m128d>': 函式會編譯成機器碼:
  	找到受控碼中不支援的內建
F:\DG\project1\MeshQEM-Skeleton\OpenMesh_EX\eigen-3.3.7\Eigen\src\Core\arch\SSE\PacketMath.h(560): warning C4793: 'Eigen::internal::predux<__m128d>': 函式會編譯成機器碼:
  	找到受控碼中不支援的內建
F:\DG\project1\MeshQEM-Skeleton\OpenMesh_EX\eigen-3.3.7\Eigen\src\Core\arch\SSE\PacketMath.h(560): warning C4793: 'Eigen::internal::predux<__m128d>': 函式會編譯成機器碼:
  	找到受控碼中不支援的內建
F:\DG\project1\MeshQEM-Skeleton\OpenMesh_EX\eigen-3.3.7\Eigen\src\Core\arch\SSE\PacketMath.h(199): warning C4793: 'Eigen::internal::padd<__m128d>': 函式會編譯成機器碼:
  	找到受控碼中不支援的內建
F:\DG\project1\MeshQEM-Skeleton\OpenMesh_EX\eigen-3.3.7\Eigen\src\Core\arch\SSE\PacketMath.h(433): warning C4793: 'Eigen::internal::pfirst<__m128d>': 函式會編譯成機器碼:
  	找到受控碼中不支援的內建
F:\DG\project1\MeshQEM-Skeleton\OpenMesh_EX\eigen-3.3.7\Eigen\src\Core\arch\SSE\PacketMath.h(307): warning C4793: 'Eigen::internal::pload<__m128d>': 函式會編譯成機器碼:
  	找到受控碼中不支援的內建
F:\DG\project1\MeshQEM-Skeleton\OpenMesh_EX\eigen-3.3.7\Eigen\src\Core\arch\SSE\PacketMath.h(336): warning C4793: 'Eigen::internal::ploadu<__m128d>': 函式會編譯成機器碼:
  	找到受控碼中不支援的內建
F:\DG\project1\MeshQEM-Skeleton\OpenMesh_EX\eigen-3.3.7\Eigen\src\Core\arch\SSE\PacketMath.h(179): warning C4793: 'Eigen::internal::pset1<__m128d>': 函式會編譯成機器碼:
  	找到受控碼中不支援的內建
F:\DG\project1\MeshQEM-Skeleton\OpenMesh_EX\eigen-3.3.7\Eigen\src\Core\arch\SSE\MathFunctions.h(554): warning C4793: 'Eigen::numext::sqrt<double>': 函式會編譯成機器碼:
  	找到受控碼中不支援的內建
F:\DG\project1\MeshQEM-Skeleton\OpenMesh_EX\eigen-3.3.7\Eigen\src\Core\arch\SSE\MathFunctions.h(554): warning C4793: 'Eigen::numext::sqrt<double>': 函式會編譯成機器碼:
  	找到受控碼中不支援的內建
F:\DG\project1\MeshQEM-Skeleton\OpenMesh_EX\eigen-3.3.7\Eigen\src\Core\util\Memory.h(945): warning C4793: 'Eigen::internal::queryCacheSizes': 函式會編譯成機器碼:
  	找到受控碼中不支援的內建
F:\DG\project1\MeshQEM-Skeleton\OpenMesh_EX\eigen-3.3.7\Eigen\src\Core\arch\SSE\PacketMath.h(770): warning C4793: 'Eigen::internal::palign_impl<1,__m128d>::run': 函式會編譯成機器碼:
  	找到受控碼中不支援的內建
F:\DG\project1\MeshQEM-Skeleton\OpenMesh_EX\eigen-3.3.7\Eigen\src\Core\arch\SSE\PacketMath.h(770): warning C4793: 'Eigen::internal::palign_impl<1,__m128d>::run': 函式會編譯成機器碼:
  	找到受控碼中不支援的內建
F:\DG\project1\MeshQEM-Skeleton\OpenMesh_EX\eigen-3.3.7\Eigen\src\Core\arch\SSE\PacketMath.h(770): warning C4793: 'Eigen::internal::palign_impl<1,__m128d>::run': 函式會編譯成機器碼:
  	找到受控碼中不支援的內建
F:\DG\project1\MeshQEM-Skeleton\OpenMesh_EX\eigen-3.3.7\Eigen\src\Core\arch\SSE\PacketMath.h(770): warning C4793: 'Eigen::internal::palign_impl<1,__m128d>::run': 函式會編譯成機器碼:
  	找到受控碼中不支援的內建
F:\DG\project1\MeshQEM-Skeleton\OpenMesh_EX\eigen-3.3.7\Eigen\src\Core\arch\SSE\PacketMath.h(771): warning C4793: 'Eigen::internal::palign_impl<1,__m128d>::run': 函式會編譯成機器碼:
  	找到受控碼中不支援的內建
F:\DG\project1\MeshQEM-Skeleton\OpenMesh_EX\eigen-3.3.7\Eigen\src\Core\arch\SSE\PacketMath.h(771): warning C4793: 'Eigen::internal::palign_impl<1,__m128d>::run': 函式會編譯成機器碼:
  	找到受控碼中不支援的內建
F:\DG\project1\MeshQEM-Skeleton\OpenMesh_EX\eigen-3.3.7\Eigen\src\Core\arch\SSE\PacketMath.h(771): warning C4793: 'Eigen::internal::palign_impl<1,__m128d>::run': 函式會編譯成機器碼:
  	找到受控碼中不支援的內建
F:\DG\project1\MeshQEM-Skeleton\OpenMesh_EX\eigen-3.3.7\Eigen\src\Core\arch\SSE\PacketMath.h(771): warning C4793: 'Eigen::internal::palign_impl<1,__m128d>::run': 函式會編譯成機器碼:
  	找到受控碼中不支援的內建
F:\DG\project1\MeshQEM-Skeleton\OpenMesh_EX\eigen-3.3.7\Eigen\src\Core\arch\SSE\PacketMath.h(770): warning C4793: 'Eigen::internal::palign_impl<2,__m128d>::run': 函式會編譯成機器碼:
  	找到受控碼中不支援的內建
F:\DG\project1\MeshQEM-Skeleton\OpenMesh_EX\eigen-3.3.7\Eigen\src\Core\arch\SSE\PacketMath.h(770): warning C4793: 'Eigen::internal::palign_impl<2,__m128d>::run': 函式會編譯成機器碼:
  	找到受控碼中不支援的內建
F:\DG\project1\MeshQEM-Skeleton\OpenMesh_EX\eigen-3.3.7\Eigen\src\Core\arch\SSE\PacketMath.h(770): warning C4793: 'Eigen::internal::palign_impl<2,__m128d>::run': 函式會編譯成機器碼:
  	找到受控碼中不支援的內建
F:\DG\project1\MeshQEM-Skeleton\OpenMesh_EX\eigen-3.3.7\Eigen\src\Core\arch\SSE\PacketMath.h(770): warning C4793: 'Eigen::internal::palign_impl<2,__m128d>::run': 函式會編譯成機器碼:
  	找到受控碼中不支援的內建
F:\DG\project1\MeshQEM-Skeleton\OpenMesh_EX\eigen-3.3.7\Eigen\src\Core\arch\SSE\PacketMath.h(771): warning C4793: 'Eigen::internal::palign_impl<2,__m128d>::run': 函式會編譯成機器碼:
  	找到受控碼中不支援的內建
F:\DG\project1\MeshQEM-Skeleton\OpenMesh_EX\eigen-3.3.7\Eigen\src\Core\arch\SSE\PacketMath.h(771): warning C4793: 'Eigen::internal::palign_impl<2,__m128d>::run': 函式會編譯成機器碼:
  	找到受控碼中不支援的內建
F:\DG\project1\MeshQEM-Skeleton\OpenMesh_EX\eigen-3.3.7\Eigen\src\Core\arch\SSE\PacketMath.h(771): warning C4793: 'Eigen::internal::palign_impl<2,__m128d>::run': 函式會編譯成機器碼:
  	找到受控碼中不支援的內建
F:\DG\project1\MeshQEM-Skeleton\OpenMesh_EX\eigen-3.3.7\Eigen\src\Core\arch\SSE\PacketMath.h(771): warning C4793: 'Eigen::internal::palign_impl<2,__m128d>::run': 函式會編譯成機器碼:
  	找到受控碼中不支援的內建
F:\DG\project1\MeshQEM-Skeleton\OpenMesh_EX\eigen-3.3.7\Eigen\src\Core\arch\SSE\PacketMath.h(770): warning C4793: 'Eigen::internal::palign_impl<3,__m128d>::run': 函式會編譯成機器碼:
  	找到受控碼中不支援的內建
F:\DG\project1\MeshQEM-Skeleton\OpenMesh_EX\eigen-3.3.7\Eigen\src\Core\arch\SSE\PacketMath.h(770): warning C4793: 'Eigen::internal::palign_impl<3,__m128d>::run': 函式會編譯成機器碼:
  	找到受控碼中不支援的內建
F:\DG\project1\MeshQEM-Skeleton\OpenMesh_EX\eigen-3.3.7\Eigen\src\Core\arch\SSE\PacketMath.h(770): warning C4793: 'Eigen::internal::palign_impl<3,__m128d>::run': 函式會編譯成機器碼:
  	找到受控碼中不支援的內建
F:\DG\project1\MeshQEM-Skeleton\OpenMesh_EX\eigen-3.3.7\Eigen\src\Core\arch\SSE\PacketMath.h(770): warning C4793: 'Eigen::internal::palign_impl<3,__m128d>::run': 函式會編譯成機器碼:
  	找到受控碼中不支援的內建
F:\DG\project1\MeshQEM-Skeleton\OpenMesh_EX\eigen-3.3.7\Eigen\src\Core\arch\SSE\PacketMath.h(771): warning C4793: 'Eigen::internal::palign_impl<3,__m128d>::run': 函式會編譯成機器碼:
  	找到受控碼中不支援的內建
F:\DG\project1\MeshQEM-Skeleton\OpenMesh_EX\eigen-3.3.7\Eigen\src\Core\arch\SSE\PacketMath.h(771): warning C4793: 'Eigen::internal::palign_impl<3,__m128d>::run': 函式會編譯成機器碼:
  	找到受控碼中不支援的內建
F:\DG\project1\MeshQEM-Skeleton\OpenMesh_EX\eigen-3.3.7\Eigen\src\Core\arch\SSE\PacketMath.h(771): warning C4793: 'Eigen::internal::palign_impl<3,__m128d>::run': 函式會編譯成機器碼:
  	找到受控碼中不支援的內建
F:\DG\project1\MeshQEM-Skeleton\OpenMesh_EX\eigen-3.3.7\Eigen\src\Core\arch\SSE\PacketMath.h(771): warning C4793: 'Eigen::internal::palign_impl<3,__m128d>::run': 函式會編譯成機器碼:
  	找到受控碼中不支援的內建
F:\DG\project1\MeshQEM-Skeleton\OpenMesh_EX\eigen-3.3.7\Eigen\src\Core\arch\SSE\PacketMath.h(651): warning C4793: 'Eigen::internal::predux_max<__m128d>': 函式會編譯成機器碼:
  	找到受控碼中不支援的內建
F:\DG\project1\MeshQEM-Skeleton\OpenMesh_EX\eigen-3.3.7\Eigen\src\Core\arch\SSE\PacketMath.h(651): warning C4793: 'Eigen::internal::predux_max<__m128d>': 函式會編譯成機器碼:
  	找到受控碼中不支援的內建
F:\DG\project1\MeshQEM-Skeleton\OpenMesh_EX\eigen-3.3.7\Eigen\src\Core\util\Memory.h(925): warning C4793: 'Eigen::internal::queryCacheSizes_amd': 函式會編譯成機器碼:
  	找到受控碼中不支援的內建
F:\DG\project1\MeshQEM-Skeleton\OpenMesh_EX\eigen-3.3.7\Eigen\src\Core\util\Memory.h(928): warning C4793: 'Eigen::internal::queryCacheSizes_amd': 函式會編譯成機器碼:
  	找到受控碼中不支援的內建
F:\DG\project1\MeshQEM-Skeleton\OpenMesh_EX\eigen-3.3.7\Eigen\src\Core\util\Memory.h(809): warning C4793: 'Eigen::internal::queryCacheSizes_intel_direct': 函式會編譯成機器碼:
  	找到受控碼中不支援的內建
F:\DG\project1\MeshQEM-Skeleton\OpenMesh_EX\eigen-3.3.7\Eigen\src\Core\util\Memory.h(838): warning C4793: 'Eigen::internal::queryCacheSizes_intel_codes': 函式會編譯成機器碼:
  	找到受控碼中不支援的內建
F:\DG\project1\MeshQEM-Skeleton\OpenMesh_EX\eigen-3.3.7\Eigen\src\Core\arch\SSE\PacketMath.h(226): warning C4793: 'Eigen::internal::pmul<__m128d>': 函式會編譯成機器碼:
  	找到受控碼中不支援的內建
F:\DG\project1\MeshQEM-Skeleton\OpenMesh_EX\eigen-3.3.7\Eigen\src\Core\arch\SSE\PacketMath.h(203): warning C4793: 'Eigen::internal::psub<__m128d>': 函式會編譯成機器碼:
  	找到受控碼中不支援的內建
F:\DG\project1\MeshQEM-Skeleton\OpenMesh_EX\eigen-3.3.7\Eigen\src\Core\arch\SSE\PacketMath.h(784): warning C4793: 'Eigen::internal::ptranspose': 函式會編譯成機器碼:
  	找到受控碼中不支援的內建
F:\DG\project1\MeshQEM-Skeleton\OpenMesh_EX\eigen-3.3.7\Eigen\src\Core\arch\SSE\PacketMath.h(785): warning C4793: 'Eigen::internal::ptranspose': 函式會編譯成機器碼:
  	找到受控碼中不支援的內建
F:\DG\project1\MeshQEM-Skeleton\OpenMesh_EX\eigen-3.3.7\Eigen\src\Core\arch\SSE\PacketMath.h(420): warning C4793: 'Eigen::internal::prefetch<double>': 函式會編譯成機器碼:
  	找到受控碼中不支援的內建
F:\DG\project1\MeshQEM-Skeleton\OpenMesh_EX\eigen-3.3.7\Eigen\src\Core\arch\SSE\PacketMath.h(491): warning C4793: 'Eigen::internal::pbroadcast4<__m128d>': 函式會編譯成機器碼:
  	找到受控碼中不支援的內建
F:\DG\project1\MeshQEM-Skeleton\OpenMesh_EX\eigen-3.3.7\Eigen\src\Core\arch\SSE\PacketMath.h(491): warning C4793: 'Eigen::internal::pbroadcast4<__m128d>': 函式會編譯成機器碼:
  	找到受控碼中不支援的內建
F:\DG\project1\MeshQEM-Skeleton\OpenMesh_EX\eigen-3.3.7\Eigen\src\Core\arch\SSE\PacketMath.h(491): warning C4793: 'Eigen::internal::pbroadcast4<__m128d>': 函式會編譯成機器碼:
  	找到受控碼中不支援的內建
F:\DG\project1\MeshQEM-Skeleton\OpenMesh_EX\eigen-3.3.7\Eigen\src\Core\arch\SSE\PacketMath.h(492): warning C4793: 'Eigen::internal::pbroadcast4<__m128d>': 函式會編譯成機器碼:
  	找到受控碼中不支援的內建
F:\DG\project1\MeshQEM-Skeleton\OpenMesh_EX\eigen-3.3.7\Eigen\src\Core\arch\SSE\PacketMath.h(492): warning C4793: 'Eigen::internal::pbroadcast4<__m128d>': 函式會編譯成機器碼:
  	找到受控碼中不支援的內建
F:\DG\project1\MeshQEM-Skeleton\OpenMesh_EX\eigen-3.3.7\Eigen\src\Core\arch\SSE\PacketMath.h(492): warning C4793: 'Eigen::internal::pbroadcast4<__m128d>': 函式會編譯成機器碼:
  	找到受控碼中不支援的內建
F:\DG\project1\MeshQEM-Skeleton\OpenMesh_EX\eigen-3.3.7\Eigen\src\Core\arch\SSE\PacketMath.h(494): warning C4793: 'Eigen::internal::pbroadcast4<__m128d>': 函式會編譯成機器碼:
  	找到受控碼中不支援的內建
F:\DG\project1\MeshQEM-Skeleton\OpenMesh_EX\eigen-3.3.7\Eigen\src\Core\arch\SSE\PacketMath.h(494): warning C4793: 'Eigen::internal::pbroadcast4<__m128d>': 函式會編譯成機器碼:
  	找到受控碼中不支援的內建
F:\DG\project1\MeshQEM-Skeleton\OpenMesh_EX\eigen-3.3.7\Eigen\src\Core\arch\SSE\PacketMath.h(494): warning C4793: 'Eigen::internal::pbroadcast4<__m128d>': 函式會編譯成機器碼:
  	找到受控碼中不支援的內建
F:\DG\project1\MeshQEM-Skeleton\OpenMesh_EX\eigen-3.3.7\Eigen\src\Core\arch\SSE\PacketMath.h(495): warning C4793: 'Eigen::internal::pbroadcast4<__m128d>': 函式會編譯成機器碼:
  	找到受控碼中不支援的內建
F:\DG\project1\MeshQEM-Skeleton\OpenMesh_EX\eigen-3.3.7\Eigen\src\Core\arch\SSE\PacketMath.h(495): warning C4793: 'Eigen::internal::pbroadcast4<__m128d>': 函式會編譯成機器碼:
  	找到受控碼中不支援的內建
F:\DG\project1\MeshQEM-Skeleton\OpenMesh_EX\eigen-3.3.7\Eigen\src\Core\arch\SSE\PacketMath.h(495): warning C4793: 'Eigen::internal::pbroadcast4<__m128d>': 函式會編譯成機器碼:
  	找到受控碼中不支援的內建
F:\DG\project1\MeshQEM-Skeleton\OpenMesh_EX\eigen-3.3.7\Eigen\src\Core\arch\SSE\PacketMath.h(388): warning C4793: 'Eigen::internal::pscatter<double,__m128d>': 函式會編譯成機器碼:
  	找到受控碼中不支援的內建
F:\DG\project1\MeshQEM-Skeleton\OpenMesh_EX\eigen-3.3.7\Eigen\src\Core\arch\SSE\PacketMath.h(389): warning C4793: 'Eigen::internal::pscatter<double,__m128d>': 函式會編譯成機器碼:
  	找到受控碼中不支援的內建
F:\DG\project1\MeshQEM-Skeleton\OpenMesh_EX\eigen-3.3.7\Eigen\src\Core\arch\SSE\PacketMath.h(389): warning C4793: 'Eigen::internal::pscatter<double,__m128d>': 函式會編譯成機器碼:
  	找到受控碼中不支援的內建
F:\DG\project1\MeshQEM-Skeleton\OpenMesh_EX\eigen-3.3.7\Eigen\src\Core\arch\SSE\PacketMath.h(267): warning C4793: 'Eigen::internal::pmax<__m128d>': 函式會編譯成機器碼:
  	找到受控碼中不支援的內建
F:\DG\project1\MeshQEM-Skeleton\OpenMesh_EX\eigen-3.3.7\Eigen\src\Core\arch\SSE\PacketMath.h(244): warning C4793: 'Eigen::internal::pdiv<__m128d>': 函式會編譯成機器碼:
  	找到受控碼中不支援的內建
F:\DG\project1\MeshQEM-Skeleton\OpenMesh_EX\eigen-3.3.7\Eigen\src\Core\arch\SSE\PacketMath.h(372): warning C4793: 'Eigen::internal::pgather<double,__m128d>': 函式會編譯成機器碼:
  	找到受控碼中不支援的內建
  DotNetUitilities.obj : 發現 MSIL 模組。MSIL 的累加連結已停用。正在執行完整連結
  OpenMesh_EX.vcxproj -> F:\DG\project1\MeshQEM-Skeleton\OpenMesh_EX\Debug\OpenMesh_EX.exe
