f:\dg\project1\meshqem-skeleton\openmesh_ex\openmesh_ex\debug\vc142.pdb
f:\dg\project1\meshqem-skeleton\openmesh_ex\openmesh_ex\debug\.netframework,version=v4.5.2.assemblyattributes.obj
f:\dg\project1\meshqem-skeleton\openmesh_ex\openmesh_ex\debug\myform.obj
f:\dg\project1\meshqem-skeleton\openmesh_ex\openmesh_ex\debug\gua_om.obj
f:\dg\project1\meshqem-skeleton\openmesh_ex\openmesh_ex\debug\glcamera.obj
f:\dg\project1\meshqem-skeleton\openmesh_ex\openmesh_ex\debug\dotnetuitilities.obj
d:\meshqem-skeleton\openmesh_ex\openmesh_ex\debug\vc142.pdb
d:\meshqem-skeleton\openmesh_ex\openmesh_ex\debug\.netframework,version=v4.5.2.assemblyattributes.obj
d:\meshqem-skeleton\openmesh_ex\openmesh_ex\debug\myform.obj
f:\dg\project1\meshqem-skeleton\openmesh_ex\debug\openmesh_ex.exe
f:\dg\project1\meshqem-skeleton\openmesh_ex\debug\openmesh_ex.pdb
f:\dg\project1\meshqem-skeleton\openmesh_ex\openmesh_ex\debug\openmesh_ex.tlog\metagen.write.1.tlog
f:\dg\project1\meshqem-skeleton\openmesh_ex\openmesh_ex\debug\openmesh_ex.myform.resources
d:\meshqem-skeleton\openmesh_ex\openmesh_ex\debug\dotnetuitilities.obj
d:\meshqem-skeleton\openmesh_ex\openmesh_ex\debug\glcamera.obj
d:\meshqem-skeleton\openmesh_ex\debug\openmesh_ex.pdb
d:\meshqem-skeleton\openmesh_ex\debug\openmesh_ex.exe
d:\meshqem-skeleton\openmesh_ex\openmesh_ex\debug\openmesh_ex.tlog\cl.command.1.tlog
d:\meshqem-skeleton\openmesh_ex\openmesh_ex\debug\openmesh_ex.tlog\cl.read.1.tlog
d:\meshqem-skeleton\openmesh_ex\openmesh_ex\debug\openmesh_ex.tlog\cl.write.1.tlog
d:\meshqem-skeleton\openmesh_ex\openmesh_ex\debug\openmesh_ex.tlog\link.command.1.tlog
d:\meshqem-skeleton\openmesh_ex\openmesh_ex\debug\openmesh_ex.tlog\link.read.1.tlog
d:\meshqem-skeleton\openmesh_ex\openmesh_ex\debug\openmesh_ex.tlog\link.write.1.tlog
d:\meshqem-skeleton\openmesh_ex\openmesh_ex\debug\openmesh_ex.tlog\metagen.read.1.tlog
d:\meshqem-skeleton\openmesh_ex\openmesh_ex\debug\openmesh_ex.tlog\metagen.write.1.tlog
d:\meshqem-skeleton\openmesh_ex\openmesh_ex\debug\openmesh_ex.tlog\openmesh_ex.read.1u.tlog
d:\meshqem-skeleton\openmesh_ex\openmesh_ex\debug\openmesh_ex.tlog\openmesh_ex.write.1u.tlog
d:\meshqem-skeleton\openmesh_ex\openmesh_ex\debug\openmesh_ex.tlog\hkoglpanel.dll.metagen
