f:\dg\project1\meshqem-skeleton\openmesh_ex\openmesh_ex\release\vc142.pdb
f:\dg\project1\meshqem-skeleton\openmesh_ex\openmesh_ex\release\.netframework,version=v4.5.2.assemblyattributes.obj
f:\dg\project1\meshqem-skeleton\openmesh_ex\openmesh_ex\release\myform.obj
f:\dg\project1\meshqem-skeleton\openmesh_ex\openmesh_ex\release\gua_om.obj
f:\dg\project1\meshqem-skeleton\openmesh_ex\openmesh_ex\release\glcamera.obj
f:\dg\project1\meshqem-skeleton\openmesh_ex\openmesh_ex\release\dotnetuitilities.obj
f:\dg\project1\meshqem-skeleton\openmesh_ex\release\openmesh_ex.exe
f:\dg\project1\meshqem-skeleton\openmesh_ex\release\openmesh_ex.pdb
f:\dg\project1\meshqem-skeleton\openmesh_ex\openmesh_ex\release\openmesh_ex.tlog\metagen.write.1.tlog
f:\dg\project1\meshqem-skeleton\openmesh_ex\openmesh_ex\release\openmesh_ex.myform.resources
f:\dg\project1\meshqem-skeleton\openmesh_ex\openmesh_ex\release\openmesh_ex.vcxprojresolveassemblyreference.cache
f:\dg\project1\meshqem-skeleton\openmesh_ex\openmesh_ex\release\vc140.pdb
f:\dg\project1\meshqem-skeleton\openmesh_ex\openmesh_ex\release\openmesh_ex.tlog\cl.command.1.tlog
f:\dg\project1\meshqem-skeleton\openmesh_ex\openmesh_ex\release\openmesh_ex.tlog\cl.read.1.tlog
f:\dg\project1\meshqem-skeleton\openmesh_ex\openmesh_ex\release\openmesh_ex.tlog\cl.write.1.tlog
f:\dg\project1\meshqem-skeleton\openmesh_ex\openmesh_ex\release\openmesh_ex.tlog\link.command.1.tlog
f:\dg\project1\meshqem-skeleton\openmesh_ex\openmesh_ex\release\openmesh_ex.tlog\link.delete.1.tlog
f:\dg\project1\meshqem-skeleton\openmesh_ex\openmesh_ex\release\openmesh_ex.tlog\link.read.1.tlog
f:\dg\project1\meshqem-skeleton\openmesh_ex\openmesh_ex\release\openmesh_ex.tlog\link.write.1.tlog
f:\dg\project1\meshqem-skeleton\openmesh_ex\openmesh_ex\release\openmesh_ex.tlog\metagen.read.1.tlog
f:\dg\project1\meshqem-skeleton\openmesh_ex\openmesh_ex\release\openmesh_ex.tlog\openmesh_ex.read.1u.tlog
f:\dg\project1\meshqem-skeleton\openmesh_ex\openmesh_ex\release\openmesh_ex.tlog\openmesh_ex.write.1u.tlog
f:\dg\project1\meshqem-skeleton\openmesh_ex\openmesh_ex\release\openmesh_ex.tlog\hkoglpanel.dll.metagen
f:\dg\project1\meshqem-skeleton\openmesh_ex\openmesh_ex\release\openmesh_ex.tlog\tzres.dll.bi
